{"/Users/raunak/Code/20-questions-game/app/src/components/AnimatedBar.tsx": {"path":"/Users/raunak/Code/20-questions-game/app/src/components/AnimatedBar.tsx","statementMap":{"0":{"start":{"line":21,"column":20},"end":{"line":21,"column":51}},"1":{"start":{"line":23,"column":2},"end":{"line":33,"column":20}},"2":{"start":{"line":24,"column":4},"end":{"line":28,"column":5}},"3":{"start":{"line":25,"column":6},"end":{"line":25,"column":26}},"4":{"start":{"line":27,"column":6},"end":{"line":27,"column":25}},"5":{"start":{"line":30,"column":4},"end":{"line":32,"column":6}},"6":{"start":{"line":31,"column":6},"end":{"line":31,"column":40}},"7":{"start":{"line":35,"column":2},"end":{"line":39,"column":33}},"8":{"start":{"line":36,"column":4},"end":{"line":38,"column":5}},"9":{"start":{"line":37,"column":6},"end":{"line":37,"column":35}},"10":{"start":{"line":41,"column":28},"end":{"line":58,"column":3}},"11":{"start":{"line":42,"column":23},"end":{"line":55,"column":5}},"12":{"start":{"line":43,"column":27},"end":{"line":43,"column":52}},"13":{"start":{"line":44,"column":23},"end":{"line":44,"column":48}},"14":{"start":{"line":46,"column":6},"end":{"line":54,"column":9}},"15":{"start":{"line":51,"column":8},"end":{"line":53,"column":9}},"16":{"start":{"line":52,"column":10},"end":{"line":52,"column":45}},"17":{"start":{"line":57,"column":4},"end":{"line":57,"column":39}},"18":{"start":{"line":60,"column":26},"end":{"line":70,"column":3}},"19":{"start":{"line":61,"column":23},"end":{"line":61,"column":44}},"20":{"start":{"line":62,"column":22},"end":{"line":62,"column":66}},"21":{"start":{"line":63,"column":25},"end":{"line":63,"column":68}},"22":{"start":{"line":65,"column":4},"end":{"line":69,"column":15}},"23":{"start":{"line":72,"column":27},"end":{"line":79,"column":3}},"24":{"start":{"line":73,"column":4},"end":{"line":73,"column":38}},"25":{"start":{"line":74,"column":4},"end":{"line":78,"column":15}},"26":{"start":{"line":81,"column":20},"end":{"line":85,"column":4}},"27":{"start":{"line":87,"column":2},"end":{"line":110,"column":4}}},"fnMap":{"0":{"name":"AnimatedBar","decl":{"start":{"line":13,"column":24},"end":{"line":13,"column":35}},"loc":{"start":{"line":20,"column":21},"end":{"line":111,"column":1}},"line":20},"1":{"name":"(anonymous_1)","decl":{"start":{"line":23,"column":12},"end":{"line":23,"column":13}},"loc":{"start":{"line":23,"column":18},"end":{"line":33,"column":3}},"line":23},"2":{"name":"(anonymous_2)","decl":{"start":{"line":30,"column":11},"end":{"line":30,"column":12}},"loc":{"start":{"line":30,"column":17},"end":{"line":32,"column":5}},"line":30},"3":{"name":"(anonymous_3)","decl":{"start":{"line":35,"column":12},"end":{"line":35,"column":13}},"loc":{"start":{"line":35,"column":18},"end":{"line":39,"column":3}},"line":35},"4":{"name":"(anonymous_4)","decl":{"start":{"line":41,"column":28},"end":{"line":41,"column":29}},"loc":{"start":{"line":41,"column":34},"end":{"line":58,"column":3}},"line":41},"5":{"name":"(anonymous_5)","decl":{"start":{"line":42,"column":23},"end":{"line":42,"column":24}},"loc":{"start":{"line":42,"column":29},"end":{"line":55,"column":5}},"line":42},"6":{"name":"(anonymous_6)","decl":{"start":{"line":50,"column":15},"end":{"line":50,"column":16}},"loc":{"start":{"line":50,"column":21},"end":{"line":54,"column":7}},"line":50},"7":{"name":"(anonymous_7)","decl":{"start":{"line":60,"column":26},"end":{"line":60,"column":27}},"loc":{"start":{"line":60,"column":46},"end":{"line":70,"column":3}},"line":60},"8":{"name":"(anonymous_8)","decl":{"start":{"line":72,"column":27},"end":{"line":72,"column":28}},"loc":{"start":{"line":72,"column":33},"end":{"line":79,"column":3}},"line":72}},"branchMap":{"0":{"loc":{"start":{"line":15,"column":2},"end":{"line":15,"column":19}},"type":"default-arg","locations":[{"start":{"line":15,"column":16},"end":{"line":15,"column":19}}],"line":15},"1":{"loc":{"start":{"line":16,"column":2},"end":{"line":16,"column":19}},"type":"default-arg","locations":[{"start":{"line":16,"column":10},"end":{"line":16,"column":19}}],"line":16},"2":{"loc":{"start":{"line":17,"column":2},"end":{"line":17,"column":13}},"type":"default-arg","locations":[{"start":{"line":17,"column":11},"end":{"line":17,"column":13}}],"line":17},"3":{"loc":{"start":{"line":18,"column":2},"end":{"line":18,"column":11}},"type":"default-arg","locations":[{"start":{"line":18,"column":10},"end":{"line":18,"column":11}}],"line":18},"4":{"loc":{"start":{"line":19,"column":2},"end":{"line":19,"column":12}},"type":"default-arg","locations":[{"start":{"line":19,"column":10},"end":{"line":19,"column":12}}],"line":19},"5":{"loc":{"start":{"line":24,"column":4},"end":{"line":28,"column":5}},"type":"if","locations":[{"start":{"line":24,"column":4},"end":{"line":28,"column":5}},{"start":{"line":26,"column":11},"end":{"line":28,"column":5}}],"line":24},"6":{"loc":{"start":{"line":36,"column":4},"end":{"line":38,"column":5}},"type":"if","locations":[{"start":{"line":36,"column":4},"end":{"line":38,"column":5}},{"start":{},"end":{}}],"line":36},"7":{"loc":{"start":{"line":51,"column":8},"end":{"line":53,"column":9}},"type":"if","locations":[{"start":{"line":51,"column":8},"end":{"line":53,"column":9}},{"start":{},"end":{}}],"line":51},"8":{"loc":{"start":{"line":99,"column":8},"end":{"line":106,"column":9}},"type":"binary-expr","locations":[{"start":{"line":99,"column":8},"end":{"line":99,"column":29}},{"start":{"line":99,"column":33},"end":{"line":106,"column":9}}],"line":99}},"s":{"0":0,"1":0,"2":0,"3":0,"4":0,"5":0,"6":0,"7":0,"8":0,"9":0,"10":0,"11":0,"12":0,"13":0,"14":0,"15":0,"16":0,"17":0,"18":0,"19":0,"20":0,"21":0,"22":0,"23":0,"24":0,"25":0,"26":0,"27":0},"f":{"0":0,"1":0,"2":0,"3":0,"4":0,"5":0,"6":0,"7":0,"8":0},"b":{"0":[0],"1":[0],"2":[0],"3":[0],"4":[0],"5":[0,0],"6":[0,0],"7":[0,0],"8":[0,0]}}
,"/Users/raunak/Code/20-questions-game/app/src/components/GameHeader.tsx": {"path":"/Users/raunak/Code/20-questions-game/app/src/components/GameHeader.tsx","statementMap":{"0":{"start":{"line":10,"column":53},"end":{"line":24,"column":1}},"1":{"start":{"line":15,"column":2},"end":{"line":23,"column":4}},"2":{"start":{"line":26,"column":15},"end":{"line":47,"column":2}}},"fnMap":{"0":{"name":"(anonymous_0)","decl":{"start":{"line":10,"column":53},"end":{"line":10,"column":54}},"loc":{"start":{"line":14,"column":6},"end":{"line":24,"column":1}},"line":14}},"branchMap":{},"s":{"0":0,"1":0,"2":0},"f":{"0":0},"b":{}}
,"/Users/raunak/Code/20-questions-game/app/src/components/GameInput.tsx": {"path":"/Users/raunak/Code/20-questions-game/app/src/components/GameInput.tsx","statementMap":{"0":{"start":{"line":18,"column":51},"end":{"line":68,"column":1}},"1":{"start":{"line":28,"column":17},"end":{"line":28,"column":36}},"2":{"start":{"line":30,"column":2},"end":{"line":67,"column":4}},"3":{"start":{"line":70,"column":15},"end":{"line":124,"column":2}}},"fnMap":{"0":{"name":"(anonymous_0)","decl":{"start":{"line":18,"column":51},"end":{"line":18,"column":52}},"loc":{"start":{"line":27,"column":6},"end":{"line":68,"column":1}},"line":27}},"branchMap":{"0":{"loc":{"start":{"line":40,"column":22},"end":{"line":40,"column":57}},"type":"binary-expr","locations":[{"start":{"line":40,"column":22},"end":{"line":40,"column":30}},{"start":{"line":40,"column":34},"end":{"line":40,"column":57}}],"line":40},"1":{"loc":{"start":{"line":50,"column":22},"end":{"line":50,"column":56}},"type":"binary-expr","locations":[{"start":{"line":50,"column":22},"end":{"line":50,"column":29}},{"start":{"line":50,"column":33},"end":{"line":50,"column":56}}],"line":50},"2":{"loc":{"start":{"line":57,"column":37},"end":{"line":57,"column":95}},"type":"binary-expr","locations":[{"start":{"line":57,"column":38},"end":{"line":57,"column":58}},{"start":{"line":57,"column":62},"end":{"line":57,"column":69}},{"start":{"line":57,"column":74},"end":{"line":57,"column":95}}],"line":57},"3":{"loc":{"start":{"line":59,"column":20},"end":{"line":59,"column":78}},"type":"binary-expr","locations":[{"start":{"line":59,"column":20},"end":{"line":59,"column":40}},{"start":{"line":59,"column":44},"end":{"line":59,"column":51}},{"start":{"line":59,"column":55},"end":{"line":59,"column":78}}],"line":59}},"s":{"0":0,"1":0,"2":0,"3":0},"f":{"0":0},"b":{"0":[0,0],"1":[0,0],"2":[0,0,0],"3":[0,0,0]}}
,"/Users/raunak/Code/20-questions-game/app/src/components/GameResultModal.tsx": {"path":"/Users/raunak/Code/20-questions-game/app/src/components/GameResultModal.tsx","statementMap":{"0":{"start":{"line":28,"column":20},"end":{"line":28,"column":41}},"1":{"start":{"line":30,"column":2},"end":{"line":41,"column":16}},"2":{"start":{"line":31,"column":4},"end":{"line":40,"column":5}},"3":{"start":{"line":32,"column":6},"end":{"line":37,"column":17}},"4":{"start":{"line":39,"column":6},"end":{"line":39,"column":28}},"5":{"start":{"line":43,"column":2},"end":{"line":78,"column":4}},"6":{"start":{"line":81,"column":15},"end":{"line":166,"column":2}}},"fnMap":{"0":{"name":"GameResultModal","decl":{"start":{"line":20,"column":24},"end":{"line":20,"column":39}},"loc":{"start":{"line":27,"column":25},"end":{"line":79,"column":1}},"line":27},"1":{"name":"(anonymous_1)","decl":{"start":{"line":30,"column":18},"end":{"line":30,"column":19}},"loc":{"start":{"line":30,"column":24},"end":{"line":41,"column":3}},"line":30}},"branchMap":{"0":{"loc":{"start":{"line":31,"column":4},"end":{"line":40,"column":5}},"type":"if","locations":[{"start":{"line":31,"column":4},"end":{"line":40,"column":5}},{"start":{"line":38,"column":11},"end":{"line":40,"column":5}}],"line":31},"1":{"loc":{"start":{"line":59,"column":46},"end":{"line":59,"column":86}},"type":"cond-expr","locations":[{"start":{"line":59,"column":54},"end":{"line":59,"column":68}},{"start":{"line":59,"column":71},"end":{"line":59,"column":86}}],"line":59},"2":{"loc":{"start":{"line":61,"column":15},"end":{"line":61,"column":34}},"type":"cond-expr","locations":[{"start":{"line":61,"column":23},"end":{"line":61,"column":27}},{"start":{"line":61,"column":30},"end":{"line":61,"column":34}}],"line":61},"3":{"loc":{"start":{"line":69,"column":35},"end":{"line":69,"column":79}},"type":"cond-expr","locations":[{"start":{"line":69,"column":43},"end":{"line":69,"column":59}},{"start":{"line":69,"column":62},"end":{"line":69,"column":79}}],"line":69}},"s":{"0":0,"1":0,"2":0,"3":0,"4":0,"5":0,"6":0},"f":{"0":0,"1":0},"b":{"0":[0,0],"1":[0,0],"2":[0,0],"3":[0,0]}}
,"/Users/raunak/Code/20-questions-game/app/src/components/LoadingGame.tsx": {"path":"/Users/raunak/Code/20-questions-game/app/src/components/LoadingGame.tsx","statementMap":{"0":{"start":{"line":4,"column":37},"end":{"line":11,"column":1}},"1":{"start":{"line":5,"column":2},"end":{"line":10,"column":4}},"2":{"start":{"line":13,"column":15},"end":{"line":24,"column":2}}},"fnMap":{"0":{"name":"(anonymous_0)","decl":{"start":{"line":4,"column":37},"end":{"line":4,"column":38}},"loc":{"start":{"line":4,"column":43},"end":{"line":11,"column":1}},"line":4}},"branchMap":{},"s":{"0":0,"1":0,"2":0},"f":{"0":0},"b":{}}
,"/Users/raunak/Code/20-questions-game/app/src/components/LoadingScreen.tsx": {"path":"/Users/raunak/Code/20-questions-game/app/src/components/LoadingScreen.tsx","statementMap":{"0":{"start":{"line":9,"column":2},"end":{"line":14,"column":4}},"1":{"start":{"line":17,"column":15},"end":{"line":29,"column":2}}},"fnMap":{"0":{"name":"LoadingScreen","decl":{"start":{"line":8,"column":24},"end":{"line":8,"column":37}},"loc":{"start":{"line":8,"column":86},"end":{"line":15,"column":1}},"line":8}},"branchMap":{"0":{"loc":{"start":{"line":8,"column":40},"end":{"line":8,"column":62}},"type":"default-arg","locations":[{"start":{"line":8,"column":50},"end":{"line":8,"column":62}}],"line":8}},"s":{"0":0,"1":0},"f":{"0":0},"b":{"0":[0]}}
,"/Users/raunak/Code/20-questions-game/app/src/components/MessagesList.tsx": {"path":"/Users/raunak/Code/20-questions-game/app/src/components/MessagesList.tsx","statementMap":{"0":{"start":{"line":10,"column":57},"end":{"line":50,"column":1}},"1":{"start":{"line":14,"column":24},"end":{"line":14,"column":48}},"2":{"start":{"line":16,"column":2},"end":{"line":18,"column":17}},"3":{"start":{"line":17,"column":4},"end":{"line":17,"column":59}},"4":{"start":{"line":20,"column":2},"end":{"line":49,"column":4}},"5":{"start":{"line":27,"column":8},"end":{"line":41,"column":15}},"6":{"start":{"line":52,"column":15},"end":{"line":92,"column":2}}},"fnMap":{"0":{"name":"(anonymous_0)","decl":{"start":{"line":10,"column":57},"end":{"line":10,"column":58}},"loc":{"start":{"line":13,"column":6},"end":{"line":50,"column":1}},"line":13},"1":{"name":"(anonymous_1)","decl":{"start":{"line":16,"column":12},"end":{"line":16,"column":13}},"loc":{"start":{"line":16,"column":18},"end":{"line":18,"column":3}},"line":16},"2":{"name":"(anonymous_2)","decl":{"start":{"line":26,"column":20},"end":{"line":26,"column":21}},"loc":{"start":{"line":27,"column":8},"end":{"line":41,"column":15}},"line":27}},"branchMap":{"0":{"loc":{"start":{"line":31,"column":12},"end":{"line":31,"column":82}},"type":"cond-expr","locations":[{"start":{"line":31,"column":38},"end":{"line":31,"column":56}},{"start":{"line":31,"column":59},"end":{"line":31,"column":82}}],"line":31},"1":{"loc":{"start":{"line":32,"column":12},"end":{"line":32,"column":65}},"type":"binary-expr","locations":[{"start":{"line":32,"column":12},"end":{"line":32,"column":43}},{"start":{"line":32,"column":47},"end":{"line":32,"column":65}}],"line":32},"2":{"loc":{"start":{"line":37,"column":12},"end":{"line":37,"column":61}},"type":"binary-expr","locations":[{"start":{"line":37,"column":12},"end":{"line":37,"column":35}},{"start":{"line":37,"column":39},"end":{"line":37,"column":61}}],"line":37},"3":{"loc":{"start":{"line":43,"column":7},"end":{"line":47,"column":7}},"type":"binary-expr","locations":[{"start":{"line":43,"column":7},"end":{"line":43,"column":14}},{"start":{"line":44,"column":8},"end":{"line":46,"column":15}}],"line":43}},"s":{"0":0,"1":0,"2":0,"3":0,"4":0,"5":0,"6":0},"f":{"0":0,"1":0,"2":0},"b":{"0":[0,0],"1":[0,0],"2":[0,0],"3":[0,0]}}
,"/Users/raunak/Code/20-questions-game/app/src/components/PulseBackground.tsx": {"path":"/Users/raunak/Code/20-questions-game/app/src/components/PulseBackground.tsx","statementMap":{"0":{"start":{"line":15,"column":25},"end":{"line":15,"column":54}},"1":{"start":{"line":17,"column":2},"end":{"line":27,"column":17}},"2":{"start":{"line":18,"column":4},"end":{"line":22,"column":5}},"3":{"start":{"line":19,"column":6},"end":{"line":19,"column":28}},"4":{"start":{"line":21,"column":6},"end":{"line":21,"column":27}},"5":{"start":{"line":24,"column":4},"end":{"line":26,"column":6}},"6":{"start":{"line":25,"column":6},"end":{"line":25,"column":45}},"7":{"start":{"line":29,"column":30},"end":{"line":49,"column":3}},"8":{"start":{"line":30,"column":18},"end":{"line":47,"column":5}},"9":{"start":{"line":31,"column":6},"end":{"line":46,"column":9}},"10":{"start":{"line":43,"column":8},"end":{"line":45,"column":9}},"11":{"start":{"line":44,"column":10},"end":{"line":44,"column":18}},"12":{"start":{"line":48,"column":4},"end":{"line":48,"column":12}},"13":{"start":{"line":51,"column":29},"end":{"line":54,"column":3}},"14":{"start":{"line":52,"column":4},"end":{"line":52,"column":43}},"15":{"start":{"line":53,"column":4},"end":{"line":53,"column":39}},"16":{"start":{"line":56,"column":23},"end":{"line":59,"column":4}},"17":{"start":{"line":61,"column":2},"end":{"line":63,"column":3}},"18":{"start":{"line":62,"column":4},"end":{"line":62,"column":16}},"19":{"start":{"line":65,"column":2},"end":{"line":88,"column":4}}},"fnMap":{"0":{"name":"PulseBackground","decl":{"start":{"line":10,"column":24},"end":{"line":10,"column":39}},"loc":{"start":{"line":14,"column":25},"end":{"line":89,"column":1}},"line":14},"1":{"name":"(anonymous_1)","decl":{"start":{"line":17,"column":12},"end":{"line":17,"column":13}},"loc":{"start":{"line":17,"column":18},"end":{"line":27,"column":3}},"line":17},"2":{"name":"(anonymous_2)","decl":{"start":{"line":24,"column":11},"end":{"line":24,"column":12}},"loc":{"start":{"line":24,"column":17},"end":{"line":26,"column":5}},"line":24},"3":{"name":"(anonymous_3)","decl":{"start":{"line":29,"column":30},"end":{"line":29,"column":31}},"loc":{"start":{"line":29,"column":36},"end":{"line":49,"column":3}},"line":29},"4":{"name":"(anonymous_4)","decl":{"start":{"line":30,"column":18},"end":{"line":30,"column":19}},"loc":{"start":{"line":30,"column":24},"end":{"line":47,"column":5}},"line":30},"5":{"name":"(anonymous_5)","decl":{"start":{"line":42,"column":15},"end":{"line":42,"column":16}},"loc":{"start":{"line":42,"column":21},"end":{"line":46,"column":7}},"line":42},"6":{"name":"(anonymous_6)","decl":{"start":{"line":51,"column":29},"end":{"line":51,"column":30}},"loc":{"start":{"line":51,"column":35},"end":{"line":54,"column":3}},"line":51}},"branchMap":{"0":{"loc":{"start":{"line":12,"column":2},"end":{"line":12,"column":19}},"type":"default-arg","locations":[{"start":{"line":12,"column":10},"end":{"line":12,"column":19}}],"line":12},"1":{"loc":{"start":{"line":13,"column":2},"end":{"line":13,"column":12}},"type":"default-arg","locations":[{"start":{"line":13,"column":10},"end":{"line":13,"column":12}}],"line":13},"2":{"loc":{"start":{"line":18,"column":4},"end":{"line":22,"column":5}},"type":"if","locations":[{"start":{"line":18,"column":4},"end":{"line":22,"column":5}},{"start":{"line":20,"column":11},"end":{"line":22,"column":5}}],"line":18},"3":{"loc":{"start":{"line":43,"column":8},"end":{"line":45,"column":9}},"type":"if","locations":[{"start":{"line":43,"column":8},"end":{"line":45,"column":9}},{"start":{},"end":{}}],"line":43},"4":{"loc":{"start":{"line":61,"column":2},"end":{"line":63,"column":3}},"type":"if","locations":[{"start":{"line":61,"column":2},"end":{"line":63,"column":3}},{"start":{},"end":{}}],"line":61},"5":{"loc":{"start":{"line":77,"column":8},"end":{"line":84,"column":9}},"type":"binary-expr","locations":[{"start":{"line":77,"column":8},"end":{"line":77,"column":29}},{"start":{"line":77,"column":33},"end":{"line":84,"column":9}}],"line":77}},"s":{"0":0,"1":0,"2":0,"3":0,"4":0,"5":0,"6":0,"7":0,"8":0,"9":0,"10":0,"11":0,"12":0,"13":0,"14":0,"15":0,"16":0,"17":0,"18":0,"19":0},"f":{"0":0,"1":0,"2":0,"3":0,"4":0,"5":0,"6":0},"b":{"0":[0],"1":[0],"2":[0,0],"3":[0,0],"4":[0,0],"5":[0,0]}}
,"/Users/raunak/Code/20-questions-game/app/src/components/SendButton.tsx": {"path":"/Users/raunak/Code/20-questions-game/app/src/components/SendButton.tsx","statementMap":{"0":{"start":{"line":18,"column":25},"end":{"line":18,"column":52}},"1":{"start":{"line":20,"column":2},"end":{"line":35,"column":3}},"2":{"start":{"line":21,"column":4},"end":{"line":34,"column":6}},"3":{"start":{"line":37,"column":2},"end":{"line":52,"column":4}},"4":{"start":{"line":55,"column":15},"end":{"line":87,"column":2}}},"fnMap":{"0":{"name":"SendButton","decl":{"start":{"line":12,"column":24},"end":{"line":12,"column":34}},"loc":{"start":{"line":17,"column":20},"end":{"line":53,"column":1}},"line":17}},"branchMap":{"0":{"loc":{"start":{"line":14,"column":2},"end":{"line":14,"column":18}},"type":"default-arg","locations":[{"start":{"line":14,"column":13},"end":{"line":14,"column":18}}],"line":14},"1":{"loc":{"start":{"line":15,"column":2},"end":{"line":15,"column":16}},"type":"default-arg","locations":[{"start":{"line":15,"column":14},"end":{"line":15,"column":16}}],"line":15},"2":{"loc":{"start":{"line":16,"column":2},"end":{"line":16,"column":12}},"type":"default-arg","locations":[{"start":{"line":16,"column":10},"end":{"line":16,"column":12}}],"line":16},"3":{"loc":{"start":{"line":20,"column":2},"end":{"line":35,"column":3}},"type":"if","locations":[{"start":{"line":20,"column":2},"end":{"line":35,"column":3}},{"start":{},"end":{}}],"line":20},"4":{"loc":{"start":{"line":23,"column":35},"end":{"line":23,"column":68}},"type":"binary-expr","locations":[{"start":{"line":23,"column":35},"end":{"line":23,"column":43}},{"start":{"line":23,"column":47},"end":{"line":23,"column":68}}],"line":23},"5":{"loc":{"start":{"line":30,"column":39},"end":{"line":30,"column":70}},"type":"binary-expr","locations":[{"start":{"line":30,"column":39},"end":{"line":30,"column":47}},{"start":{"line":30,"column":51},"end":{"line":30,"column":70}}],"line":30},"6":{"loc":{"start":{"line":39,"column":32},"end":{"line":39,"column":65}},"type":"binary-expr","locations":[{"start":{"line":39,"column":32},"end":{"line":39,"column":40}},{"start":{"line":39,"column":44},"end":{"line":39,"column":65}}],"line":39},"7":{"loc":{"start":{"line":49,"column":15},"end":{"line":49,"column":47}},"type":"cond-expr","locations":[{"start":{"line":49,"column":26},"end":{"line":49,"column":35}},{"start":{"line":49,"column":38},"end":{"line":49,"column":47}}],"line":49}},"s":{"0":0,"1":0,"2":0,"3":0,"4":0},"f":{"0":0},"b":{"0":[0],"1":[0],"2":[0],"3":[0,0],"4":[0,0],"5":[0,0],"6":[0,0],"7":[0,0]}}
,"/Users/raunak/Code/20-questions-game/app/src/components/VoiceInputButton.tsx": {"path":"/Users/raunak/Code/20-questions-game/app/src/components/VoiceInputButton.tsx","statementMap":{"0":{"start":{"line":25,"column":28},"end":{"line":30,"column":3}},"1":{"start":{"line":26,"column":4},"end":{"line":29,"column":5}},"2":{"start":{"line":27,"column":6},"end":{"line":27,"column":31}},"3":{"start":{"line":28,"column":6},"end":{"line":28,"column":32}},"4":{"start":{"line":32,"column":25},"end":{"line":32,"column":61}},"5":{"start":{"line":33,"column":21},"end":{"line":33,"column":42}},"6":{"start":{"line":34,"column":18},"end":{"line":40,"column":4}},"7":{"start":{"line":42,"column":25},"end":{"line":60,"column":3}},"8":{"start":{"line":43,"column":22},"end":{"line":43,"column":37}},"9":{"start":{"line":45,"column":4},"end":{"line":53,"column":5}},"10":{"start":{"line":46,"column":6},"end":{"line":46,"column":45}},"11":{"start":{"line":47,"column":11},"end":{"line":53,"column":5}},"12":{"start":{"line":48,"column":6},"end":{"line":48,"column":41}},"13":{"start":{"line":49,"column":11},"end":{"line":53,"column":5}},"14":{"start":{"line":50,"column":6},"end":{"line":50,"column":40}},"15":{"start":{"line":52,"column":6},"end":{"line":52,"column":39}},"16":{"start":{"line":55,"column":4},"end":{"line":57,"column":5}},"17":{"start":{"line":56,"column":6},"end":{"line":56,"column":44}},"18":{"start":{"line":59,"column":4},"end":{"line":59,"column":21}},"19":{"start":{"line":62,"column":2},"end":{"line":80,"column":4}},"20":{"start":{"line":83,"column":15},"end":{"line":118,"column":2}}},"fnMap":{"0":{"name":"VoiceInputButton","decl":{"start":{"line":18,"column":24},"end":{"line":18,"column":40}},"loc":{"start":{"line":24,"column":26},"end":{"line":81,"column":1}},"line":24},"1":{"name":"(anonymous_1)","decl":{"start":{"line":25,"column":28},"end":{"line":25,"column":29}},"loc":{"start":{"line":25,"column":52},"end":{"line":30,"column":3}},"line":25},"2":{"name":"(anonymous_2)","decl":{"start":{"line":42,"column":25},"end":{"line":42,"column":26}},"loc":{"start":{"line":42,"column":31},"end":{"line":60,"column":3}},"line":42}},"branchMap":{"0":{"loc":{"start":{"line":23,"column":2},"end":{"line":23,"column":18}},"type":"default-arg","locations":[{"start":{"line":23,"column":13},"end":{"line":23,"column":18}}],"line":23},"1":{"loc":{"start":{"line":26,"column":4},"end":{"line":29,"column":5}},"type":"if","locations":[{"start":{"line":26,"column":4},"end":{"line":29,"column":5}},{"start":{},"end":{}}],"line":26},"2":{"loc":{"start":{"line":45,"column":4},"end":{"line":53,"column":5}},"type":"if","locations":[{"start":{"line":45,"column":4},"end":{"line":53,"column":5}},{"start":{"line":47,"column":11},"end":{"line":53,"column":5}}],"line":45},"3":{"loc":{"start":{"line":47,"column":11},"end":{"line":53,"column":5}},"type":"if","locations":[{"start":{"line":47,"column":11},"end":{"line":53,"column":5}},{"start":{"line":49,"column":11},"end":{"line":53,"column":5}}],"line":47},"4":{"loc":{"start":{"line":49,"column":11},"end":{"line":53,"column":5}},"type":"if","locations":[{"start":{"line":49,"column":11},"end":{"line":53,"column":5}},{"start":{"line":51,"column":11},"end":{"line":53,"column":5}}],"line":49},"5":{"loc":{"start":{"line":55,"column":4},"end":{"line":57,"column":5}},"type":"if","locations":[{"start":{"line":55,"column":4},"end":{"line":57,"column":5}},{"start":{},"end":{}}],"line":55},"6":{"loc":{"start":{"line":63,"column":36},"end":{"line":63,"column":79}},"type":"binary-expr","locations":[{"start":{"line":63,"column":36},"end":{"line":63,"column":57}},{"start":{"line":63,"column":61},"end":{"line":63,"column":79}}],"line":63},"7":{"loc":{"start":{"line":69,"column":12},"end":{"line":69,"column":55}},"type":"binary-expr","locations":[{"start":{"line":69,"column":12},"end":{"line":69,"column":33}},{"start":{"line":69,"column":37},"end":{"line":69,"column":55}}],"line":69}},"s":{"0":0,"1":0,"2":0,"3":0,"4":0,"5":0,"6":0,"7":0,"8":0,"9":0,"10":0,"11":0,"12":0,"13":0,"14":0,"15":0,"16":0,"17":0,"18":0,"19":0,"20":0},"f":{"0":0,"1":0,"2":0},"b":{"0":[0],"1":[0,0],"2":[0,0],"3":[0,0],"4":[0,0],"5":[0,0],"6":[0,0],"7":[0,0]}}
,"/Users/raunak/Code/20-questions-game/app/src/components/WaveformVisualizer.tsx": {"path":"/Users/raunak/Code/20-questions-game/app/src/components/WaveformVisualizer.tsx","statementMap":{"0":{"start":{"line":19,"column":24},"end":{"line":19,"column":52}},"1":{"start":{"line":20,"column":25},"end":{"line":20,"column":54}},"2":{"start":{"line":23,"column":2},"end":{"line":25,"column":17}},"3":{"start":{"line":24,"column":4},"end":{"line":24,"column":92}},"4":{"start":{"line":24,"column":67},"end":{"line":24,"column":90}},"5":{"start":{"line":28,"column":2},"end":{"line":39,"column":20}},"6":{"start":{"line":29,"column":4},"end":{"line":34,"column":5}},"7":{"start":{"line":30,"column":6},"end":{"line":30,"column":31}},"8":{"start":{"line":31,"column":6},"end":{"line":31,"column":28}},"9":{"start":{"line":33,"column":6},"end":{"line":33,"column":23}},"10":{"start":{"line":36,"column":4},"end":{"line":38,"column":6}},"11":{"start":{"line":37,"column":6},"end":{"line":37,"column":23}},"12":{"start":{"line":42,"column":2},"end":{"line":46,"column":33}},"13":{"start":{"line":43,"column":4},"end":{"line":45,"column":5}},"14":{"start":{"line":44,"column":6},"end":{"line":44,"column":40}},"15":{"start":{"line":48,"column":33},"end":{"line":70,"column":3}},"16":{"start":{"line":50,"column":4},"end":{"line":69,"column":7}},"17":{"start":{"line":51,"column":25},"end":{"line":65,"column":7}},"18":{"start":{"line":52,"column":29},"end":{"line":52,"column":54}},"19":{"start":{"line":53,"column":25},"end":{"line":53,"column":50}},"20":{"start":{"line":55,"column":8},"end":{"line":64,"column":11}},"21":{"start":{"line":60,"column":10},"end":{"line":63,"column":11}},"22":{"start":{"line":62,"column":12},"end":{"line":62,"column":47}},"23":{"start":{"line":68,"column":6},"end":{"line":68,"column":41}},"24":{"start":{"line":72,"column":30},"end":{"line":92,"column":3}},"25":{"start":{"line":73,"column":18},"end":{"line":90,"column":5}},"26":{"start":{"line":74,"column":6},"end":{"line":89,"column":9}},"27":{"start":{"line":86,"column":8},"end":{"line":88,"column":9}},"28":{"start":{"line":87,"column":10},"end":{"line":87,"column":18}},"29":{"start":{"line":91,"column":4},"end":{"line":91,"column":12}},"30":{"start":{"line":94,"column":31},"end":{"line":108,"column":3}},"31":{"start":{"line":96,"column":4},"end":{"line":107,"column":7}},"32":{"start":{"line":98,"column":25},"end":{"line":98,"column":46}},"33":{"start":{"line":99,"column":24},"end":{"line":99,"column":68}},"34":{"start":{"line":100,"column":27},"end":{"line":100,"column":70}},"35":{"start":{"line":102,"column":6},"end":{"line":106,"column":17}},"36":{"start":{"line":110,"column":25},"end":{"line":123,"column":3}},"37":{"start":{"line":112,"column":4},"end":{"line":119,"column":7}},"38":{"start":{"line":113,"column":6},"end":{"line":113,"column":32}},"39":{"start":{"line":114,"column":6},"end":{"line":118,"column":17}},"40":{"start":{"line":121,"column":4},"end":{"line":121,"column":43}},"41":{"start":{"line":122,"column":4},"end":{"line":122,"column":39}},"42":{"start":{"line":125,"column":21},"end":{"line":149,"column":3}},"43":{"start":{"line":126,"column":4},"end":{"line":148,"column":7}},"44":{"start":{"line":127,"column":24},"end":{"line":131,"column":8}},"45":{"start":{"line":133,"column":6},"end":{"line":147,"column":8}},"46":{"start":{"line":151,"column":23},"end":{"line":154,"column":4}},"47":{"start":{"line":156,"column":2},"end":{"line":158,"column":3}},"48":{"start":{"line":157,"column":4},"end":{"line":157,"column":16}},"49":{"start":{"line":160,"column":2},"end":{"line":176,"column":4}},"50":{"start":{"line":179,"column":15},"end":{"line":212,"column":2}}},"fnMap":{"0":{"name":"WaveformVisualizer","decl":{"start":{"line":12,"column":24},"end":{"line":12,"column":42}},"loc":{"start":{"line":18,"column":28},"end":{"line":177,"column":1}},"line":18},"1":{"name":"(anonymous_1)","decl":{"start":{"line":23,"column":12},"end":{"line":23,"column":13}},"loc":{"start":{"line":23,"column":18},"end":{"line":25,"column":3}},"line":23},"2":{"name":"(anonymous_2)","decl":{"start":{"line":24,"column":61},"end":{"line":24,"column":62}},"loc":{"start":{"line":24,"column":67},"end":{"line":24,"column":90}},"line":24},"3":{"name":"(anonymous_3)","decl":{"start":{"line":28,"column":12},"end":{"line":28,"column":13}},"loc":{"start":{"line":28,"column":18},"end":{"line":39,"column":3}},"line":28},"4":{"name":"(anonymous_4)","decl":{"start":{"line":36,"column":11},"end":{"line":36,"column":12}},"loc":{"start":{"line":36,"column":17},"end":{"line":38,"column":5}},"line":36},"5":{"name":"(anonymous_5)","decl":{"start":{"line":42,"column":12},"end":{"line":42,"column":13}},"loc":{"start":{"line":42,"column":18},"end":{"line":46,"column":3}},"line":42},"6":{"name":"(anonymous_6)","decl":{"start":{"line":48,"column":33},"end":{"line":48,"column":34}},"loc":{"start":{"line":48,"column":39},"end":{"line":70,"column":3}},"line":48},"7":{"name":"(anonymous_7)","decl":{"start":{"line":50,"column":34},"end":{"line":50,"column":35}},"loc":{"start":{"line":50,"column":56},"end":{"line":69,"column":5}},"line":50},"8":{"name":"(anonymous_8)","decl":{"start":{"line":51,"column":25},"end":{"line":51,"column":26}},"loc":{"start":{"line":51,"column":31},"end":{"line":65,"column":7}},"line":51},"9":{"name":"(anonymous_9)","decl":{"start":{"line":59,"column":17},"end":{"line":59,"column":18}},"loc":{"start":{"line":59,"column":23},"end":{"line":64,"column":9}},"line":59},"10":{"name":"(anonymous_10)","decl":{"start":{"line":72,"column":30},"end":{"line":72,"column":31}},"loc":{"start":{"line":72,"column":36},"end":{"line":92,"column":3}},"line":72},"11":{"name":"(anonymous_11)","decl":{"start":{"line":73,"column":18},"end":{"line":73,"column":19}},"loc":{"start":{"line":73,"column":24},"end":{"line":90,"column":5}},"line":73},"12":{"name":"(anonymous_12)","decl":{"start":{"line":85,"column":15},"end":{"line":85,"column":16}},"loc":{"start":{"line":85,"column":21},"end":{"line":89,"column":7}},"line":85},"13":{"name":"(anonymous_13)","decl":{"start":{"line":94,"column":31},"end":{"line":94,"column":32}},"loc":{"start":{"line":94,"column":51},"end":{"line":108,"column":3}},"line":94},"14":{"name":"(anonymous_14)","decl":{"start":{"line":96,"column":34},"end":{"line":96,"column":35}},"loc":{"start":{"line":96,"column":56},"end":{"line":107,"column":5}},"line":96},"15":{"name":"(anonymous_15)","decl":{"start":{"line":110,"column":25},"end":{"line":110,"column":26}},"loc":{"start":{"line":110,"column":31},"end":{"line":123,"column":3}},"line":110},"16":{"name":"(anonymous_16)","decl":{"start":{"line":112,"column":34},"end":{"line":112,"column":35}},"loc":{"start":{"line":112,"column":49},"end":{"line":119,"column":5}},"line":112},"17":{"name":"(anonymous_17)","decl":{"start":{"line":125,"column":21},"end":{"line":125,"column":22}},"loc":{"start":{"line":125,"column":27},"end":{"line":149,"column":3}},"line":125},"18":{"name":"(anonymous_18)","decl":{"start":{"line":126,"column":37},"end":{"line":126,"column":38}},"loc":{"start":{"line":126,"column":59},"end":{"line":148,"column":5}},"line":126}},"branchMap":{"0":{"loc":{"start":{"line":14,"column":2},"end":{"line":14,"column":19}},"type":"default-arg","locations":[{"start":{"line":14,"column":16},"end":{"line":14,"column":19}}],"line":14},"1":{"loc":{"start":{"line":15,"column":2},"end":{"line":15,"column":14}},"type":"default-arg","locations":[{"start":{"line":15,"column":13},"end":{"line":15,"column":14}}],"line":15},"2":{"loc":{"start":{"line":16,"column":2},"end":{"line":16,"column":19}},"type":"default-arg","locations":[{"start":{"line":16,"column":10},"end":{"line":16,"column":19}}],"line":16},"3":{"loc":{"start":{"line":17,"column":2},"end":{"line":17,"column":13}},"type":"default-arg","locations":[{"start":{"line":17,"column":11},"end":{"line":17,"column":13}}],"line":17},"4":{"loc":{"start":{"line":29,"column":4},"end":{"line":34,"column":5}},"type":"if","locations":[{"start":{"line":29,"column":4},"end":{"line":34,"column":5}},{"start":{"line":32,"column":11},"end":{"line":34,"column":5}}],"line":29},"5":{"loc":{"start":{"line":43,"column":4},"end":{"line":45,"column":5}},"type":"if","locations":[{"start":{"line":43,"column":4},"end":{"line":45,"column":5}},{"start":{},"end":{}}],"line":43},"6":{"loc":{"start":{"line":43,"column":8},"end":{"line":43,"column":55}},"type":"binary-expr","locations":[{"start":{"line":43,"column":8},"end":{"line":43,"column":19}},{"start":{"line":43,"column":23},"end":{"line":43,"column":55}}],"line":43},"7":{"loc":{"start":{"line":60,"column":10},"end":{"line":63,"column":11}},"type":"if","locations":[{"start":{"line":60,"column":10},"end":{"line":63,"column":11}},{"start":{},"end":{}}],"line":60},"8":{"loc":{"start":{"line":86,"column":8},"end":{"line":88,"column":9}},"type":"if","locations":[{"start":{"line":86,"column":8},"end":{"line":88,"column":9}},{"start":{},"end":{}}],"line":86},"9":{"loc":{"start":{"line":144,"column":12},"end":{"line":144,"column":55}},"type":"binary-expr","locations":[{"start":{"line":144,"column":12},"end":{"line":144,"column":33}},{"start":{"line":144,"column":37},"end":{"line":144,"column":55}}],"line":144},"10":{"loc":{"start":{"line":156,"column":2},"end":{"line":158,"column":3}},"type":"if","locations":[{"start":{"line":156,"column":2},"end":{"line":158,"column":3}},{"start":{},"end":{}}],"line":156},"11":{"loc":{"start":{"line":161,"column":48},"end":{"line":161,"column":91}},"type":"binary-expr","locations":[{"start":{"line":161,"column":48},"end":{"line":161,"column":69}},{"start":{"line":161,"column":73},"end":{"line":161,"column":91}}],"line":161},"12":{"loc":{"start":{"line":169,"column":10},"end":{"line":169,"column":53}},"type":"binary-expr","locations":[{"start":{"line":169,"column":10},"end":{"line":169,"column":31}},{"start":{"line":169,"column":35},"end":{"line":169,"column":53}}],"line":169},"13":{"loc":{"start":{"line":172,"column":42},"end":{"line":172,"column":85}},"type":"binary-expr","locations":[{"start":{"line":172,"column":42},"end":{"line":172,"column":63}},{"start":{"line":172,"column":67},"end":{"line":172,"column":85}}],"line":172}},"s":{"0":0,"1":0,"2":0,"3":0,"4":0,"5":0,"6":0,"7":0,"8":0,"9":0,"10":0,"11":0,"12":0,"13":0,"14":0,"15":0,"16":0,"17":0,"18":0,"19":0,"20":0,"21":0,"22":0,"23":0,"24":0,"25":0,"26":0,"27":0,"28":0,"29":0,"30":0,"31":0,"32":0,"33":0,"34":0,"35":0,"36":0,"37":0,"38":0,"39":0,"40":0,"41":0,"42":0,"43":0,"44":0,"45":0,"46":0,"47":0,"48":0,"49":0,"50":0},"f":{"0":0,"1":0,"2":0,"3":0,"4":0,"5":0,"6":0,"7":0,"8":0,"9":0,"10":0,"11":0,"12":0,"13":0,"14":0,"15":0,"16":0,"17":0,"18":0},"b":{"0":[0],"1":[0],"2":[0],"3":[0],"4":[0,0],"5":[0,0],"6":[0,0],"7":[0,0],"8":[0,0],"9":[0,0],"10":[0,0],"11":[0,0],"12":[0,0],"13":[0,0]}}
,"/Users/raunak/Code/20-questions-game/app/src/components/voice/VoiceButtonContent.tsx": {"path":"/Users/raunak/Code/20-questions-game/app/src/components/voice/VoiceButtonContent.tsx","statementMap":{"0":{"start":{"line":14,"column":69},"end":{"line":54,"column":1}},"1":{"start":{"line":19,"column":2},"end":{"line":53,"column":3}},"2":{"start":{"line":21,"column":6},"end":{"line":36,"column":8}},"3":{"start":{"line":38,"column":6},"end":{"line":46,"column":8}},"4":{"start":{"line":48,"column":6},"end":{"line":52,"column":8}}},"fnMap":{"0":{"name":"(anonymous_0)","decl":{"start":{"line":14,"column":69},"end":{"line":14,"column":70}},"loc":{"start":{"line":18,"column":6},"end":{"line":54,"column":1}},"line":18}},"branchMap":{"0":{"loc":{"start":{"line":19,"column":2},"end":{"line":53,"column":3}},"type":"switch","locations":[{"start":{"line":20,"column":4},"end":{"line":36,"column":8}},{"start":{"line":37,"column":4},"end":{"line":46,"column":8}},{"start":{"line":47,"column":4},"end":{"line":52,"column":8}}],"line":19},"1":{"loc":{"start":{"line":48,"column":13},"end":{"line":52,"column":7}},"type":"cond-expr","locations":[{"start":{"line":49,"column":8},"end":{"line":49,"column":57}},{"start":{"line":51,"column":8},"end":{"line":51,"column":56}}],"line":48}},"s":{"0":0,"1":0,"2":0,"3":0,"4":0},"f":{"0":0},"b":{"0":[0,0,0],"1":[0,0]}}
,"/Users/raunak/Code/20-questions-game/app/src/hooks/useButtonAnimations.ts": {"path":"/Users/raunak/Code/20-questions-game/app/src/hooks/useButtonAnimations.ts","statementMap":{"0":{"start":{"line":10,"column":35},"end":{"line":40,"column":1}},"1":{"start":{"line":11,"column":22},"end":{"line":11,"column":40}},"2":{"start":{"line":12,"column":23},"end":{"line":12,"column":41}},"3":{"start":{"line":13,"column":23},"end":{"line":13,"column":41}},"4":{"start":{"line":15,"column":30},"end":{"line":19,"column":5}},"5":{"start":{"line":15,"column":54},"end":{"line":19,"column":3}},"6":{"start":{"line":21,"column":23},"end":{"line":27,"column":3}},"7":{"start":{"line":22,"column":24},"end":{"line":22,"column":54}},"8":{"start":{"line":23,"column":27},"end":{"line":23,"column":43}},"9":{"start":{"line":24,"column":4},"end":{"line":24,"column":70}},"10":{"start":{"line":25,"column":4},"end":{"line":25,"column":59}},"11":{"start":{"line":26,"column":4},"end":{"line":26,"column":59}},"12":{"start":{"line":29,"column":25},"end":{"line":33,"column":3}},"13":{"start":{"line":30,"column":4},"end":{"line":30,"column":58}},"14":{"start":{"line":31,"column":4},"end":{"line":31,"column":59}},"15":{"start":{"line":32,"column":4},"end":{"line":32,"column":59}},"16":{"start":{"line":35,"column":2},"end":{"line":39,"column":4}}},"fnMap":{"0":{"name":"(anonymous_0)","decl":{"start":{"line":10,"column":35},"end":{"line":10,"column":36}},"loc":{"start":{"line":10,"column":59},"end":{"line":40,"column":1}},"line":10},"1":{"name":"(anonymous_1)","decl":{"start":{"line":15,"column":47},"end":{"line":15,"column":48}},"loc":{"start":{"line":15,"column":54},"end":{"line":19,"column":3}},"line":15},"2":{"name":"(anonymous_2)","decl":{"start":{"line":21,"column":23},"end":{"line":21,"column":24}},"loc":{"start":{"line":21,"column":29},"end":{"line":27,"column":3}},"line":21},"3":{"name":"(anonymous_3)","decl":{"start":{"line":29,"column":25},"end":{"line":29,"column":26}},"loc":{"start":{"line":29,"column":31},"end":{"line":33,"column":3}},"line":29}},"branchMap":{},"s":{"0":0,"1":0,"2":0,"3":0,"4":0,"5":0,"6":0,"7":0,"8":0,"9":0,"10":0,"11":0,"12":0,"13":0,"14":0,"15":0,"16":0},"f":{"0":0,"1":0,"2":0,"3":0},"b":{}}
,"/Users/raunak/Code/20-questions-game/app/src/hooks/useGameActions.ts": {"path":"/Users/raunak/Code/20-questions-game/app/src/hooks/useGameActions.ts","statementMap":{"0":{"start":{"line":14,"column":30},"end":{"line":137,"column":1}},"1":{"start":{"line":18,"column":23},"end":{"line":38,"column":3}},"2":{"start":{"line":19,"column":4},"end":{"line":37,"column":5}},"3":{"start":{"line":20,"column":6},"end":{"line":20,"column":31}},"4":{"start":{"line":21,"column":23},"end":{"line":21,"column":60}},"5":{"start":{"line":22,"column":6},"end":{"line":22,"column":42}},"6":{"start":{"line":24,"column":6},"end":{"line":24,"column":42}},"7":{"start":{"line":26,"column":51},"end":{"line":30,"column":7}},"8":{"start":{"line":31,"column":6},"end":{"line":31,"column":59}},"9":{"start":{"line":33,"column":6},"end":{"line":33,"column":70}},"10":{"start":{"line":34,"column":6},"end":{"line":34,"column":25}},"11":{"start":{"line":36,"column":6},"end":{"line":36,"column":32}},"12":{"start":{"line":40,"column":23},"end":{"line":88,"column":3}},"13":{"start":{"line":41,"column":23},"end":{"line":41,"column":54}},"14":{"start":{"line":42,"column":4},"end":{"line":42,"column":70}},"15":{"start":{"line":42,"column":63},"end":{"line":42,"column":70}},"16":{"start":{"line":44,"column":46},"end":{"line":48,"column":5}},"17":{"start":{"line":49,"column":4},"end":{"line":49,"column":71}},"18":{"start":{"line":49,"column":32},"end":{"line":49,"column":69}},"19":{"start":{"line":50,"column":4},"end":{"line":50,"column":29}},"20":{"start":{"line":52,"column":4},"end":{"line":87,"column":5}},"21":{"start":{"line":53,"column":23},"end":{"line":53,"column":78}},"22":{"start":{"line":55,"column":25},"end":{"line":55,"column":54}},"23":{"start":{"line":56,"column":6},"end":{"line":60,"column":7}},"24":{"start":{"line":57,"column":8},"end":{"line":57,"column":44}},"25":{"start":{"line":58,"column":13},"end":{"line":60,"column":7}},"26":{"start":{"line":59,"column":8},"end":{"line":59,"column":43}},"27":{"start":{"line":62,"column":53},"end":{"line":66,"column":7}},"28":{"start":{"line":67,"column":6},"end":{"line":67,"column":78}},"29":{"start":{"line":67,"column":34},"end":{"line":67,"column":76}},"30":{"start":{"line":68,"column":6},"end":{"line":68,"column":66}},"31":{"start":{"line":69,"column":6},"end":{"line":69,"column":50}},"32":{"start":{"line":71,"column":6},"end":{"line":82,"column":7}},"33":{"start":{"line":72,"column":8},"end":{"line":72,"column":42}},"34":{"start":{"line":73,"column":8},"end":{"line":77,"column":11}},"35":{"start":{"line":78,"column":8},"end":{"line":78,"column":41}},"36":{"start":{"line":79,"column":13},"end":{"line":82,"column":7}},"37":{"start":{"line":80,"column":8},"end":{"line":80,"column":40}},"38":{"start":{"line":81,"column":8},"end":{"line":81,"column":30}},"39":{"start":{"line":84,"column":6},"end":{"line":84,"column":73}},"40":{"start":{"line":86,"column":6},"end":{"line":86,"column":32}},"41":{"start":{"line":90,"column":22},"end":{"line":118,"column":3}},"42":{"start":{"line":91,"column":4},"end":{"line":91,"column":77}},"43":{"start":{"line":91,"column":70},"end":{"line":91,"column":77}},"44":{"start":{"line":93,"column":4},"end":{"line":93,"column":29}},"45":{"start":{"line":94,"column":4},"end":{"line":117,"column":5}},"46":{"start":{"line":95,"column":23},"end":{"line":95,"column":62}},"47":{"start":{"line":97,"column":6},"end":{"line":97,"column":37}},"48":{"start":{"line":99,"column":48},"end":{"line":103,"column":7}},"49":{"start":{"line":104,"column":6},"end":{"line":104,"column":73}},"50":{"start":{"line":104,"column":34},"end":{"line":104,"column":71}},"51":{"start":{"line":105,"column":6},"end":{"line":105,"column":58}},"52":{"start":{"line":106,"column":6},"end":{"line":106,"column":66}},"53":{"start":{"line":107,"column":6},"end":{"line":107,"column":50}},"54":{"start":{"line":109,"column":6},"end":{"line":112,"column":7}},"55":{"start":{"line":110,"column":8},"end":{"line":110,"column":40}},"56":{"start":{"line":111,"column":8},"end":{"line":111,"column":30}},"57":{"start":{"line":114,"column":6},"end":{"line":114,"column":68}},"58":{"start":{"line":116,"column":6},"end":{"line":116,"column":32}},"59":{"start":{"line":120,"column":25},"end":{"line":129,"column":3}},"60":{"start":{"line":121,"column":4},"end":{"line":128,"column":5}},"61":{"start":{"line":122,"column":6},"end":{"line":126,"column":9}},"62":{"start":{"line":127,"column":6},"end":{"line":127,"column":39}},"63":{"start":{"line":131,"column":2},"end":{"line":136,"column":4}}},"fnMap":{"0":{"name":"(anonymous_0)","decl":{"start":{"line":14,"column":30},"end":{"line":14,"column":31}},"loc":{"start":{"line":17,"column":22},"end":{"line":137,"column":1}},"line":17},"1":{"name":"(anonymous_1)","decl":{"start":{"line":18,"column":23},"end":{"line":18,"column":24}},"loc":{"start":{"line":18,"column":80},"end":{"line":38,"column":3}},"line":18},"2":{"name":"(anonymous_2)","decl":{"start":{"line":40,"column":23},"end":{"line":40,"column":24}},"loc":{"start":{"line":40,"column":82},"end":{"line":88,"column":3}},"line":40},"3":{"name":"(anonymous_3)","decl":{"start":{"line":49,"column":24},"end":{"line":49,"column":25}},"loc":{"start":{"line":49,"column":32},"end":{"line":49,"column":69}},"line":49},"4":{"name":"(anonymous_4)","decl":{"start":{"line":67,"column":26},"end":{"line":67,"column":27}},"loc":{"start":{"line":67,"column":34},"end":{"line":67,"column":76}},"line":67},"5":{"name":"(anonymous_5)","decl":{"start":{"line":90,"column":22},"end":{"line":90,"column":23}},"loc":{"start":{"line":90,"column":34},"end":{"line":118,"column":3}},"line":90},"6":{"name":"(anonymous_6)","decl":{"start":{"line":104,"column":26},"end":{"line":104,"column":27}},"loc":{"start":{"line":104,"column":34},"end":{"line":104,"column":71}},"line":104},"7":{"name":"(anonymous_7)","decl":{"start":{"line":120,"column":25},"end":{"line":120,"column":26}},"loc":{"start":{"line":120,"column":50},"end":{"line":129,"column":3}},"line":120}},"branchMap":{"0":{"loc":{"start":{"line":41,"column":23},"end":{"line":41,"column":54}},"type":"binary-expr","locations":[{"start":{"line":41,"column":23},"end":{"line":41,"column":35}},{"start":{"line":41,"column":39},"end":{"line":41,"column":54}}],"line":41},"1":{"loc":{"start":{"line":42,"column":4},"end":{"line":42,"column":70}},"type":"if","locations":[{"start":{"line":42,"column":4},"end":{"line":42,"column":70}},{"start":{},"end":{}}],"line":42},"2":{"loc":{"start":{"line":42,"column":8},"end":{"line":42,"column":61}},"type":"binary-expr","locations":[{"start":{"line":42,"column":8},"end":{"line":42,"column":21}},{"start":{"line":42,"column":25},"end":{"line":42,"column":44}},{"start":{"line":42,"column":48},"end":{"line":42,"column":61}}],"line":42},"3":{"loc":{"start":{"line":56,"column":6},"end":{"line":60,"column":7}},"type":"if","locations":[{"start":{"line":56,"column":6},"end":{"line":60,"column":7}},{"start":{"line":58,"column":13},"end":{"line":60,"column":7}}],"line":56},"4":{"loc":{"start":{"line":56,"column":10},"end":{"line":56,"column":68}},"type":"binary-expr","locations":[{"start":{"line":56,"column":10},"end":{"line":56,"column":36}},{"start":{"line":56,"column":40},"end":{"line":56,"column":68}}],"line":56},"5":{"loc":{"start":{"line":58,"column":13},"end":{"line":60,"column":7}},"type":"if","locations":[{"start":{"line":58,"column":13},"end":{"line":60,"column":7}},{"start":{},"end":{}}],"line":58},"6":{"loc":{"start":{"line":58,"column":17},"end":{"line":58,"column":73}},"type":"binary-expr","locations":[{"start":{"line":58,"column":17},"end":{"line":58,"column":42}},{"start":{"line":58,"column":46},"end":{"line":58,"column":73}}],"line":58},"7":{"loc":{"start":{"line":71,"column":6},"end":{"line":82,"column":7}},"type":"if","locations":[{"start":{"line":71,"column":6},"end":{"line":82,"column":7}},{"start":{"line":79,"column":13},"end":{"line":82,"column":7}}],"line":71},"8":{"loc":{"start":{"line":79,"column":13},"end":{"line":82,"column":7}},"type":"if","locations":[{"start":{"line":79,"column":13},"end":{"line":82,"column":7}},{"start":{},"end":{}}],"line":79},"9":{"loc":{"start":{"line":91,"column":4},"end":{"line":91,"column":77}},"type":"if","locations":[{"start":{"line":91,"column":4},"end":{"line":91,"column":77}},{"start":{},"end":{}}],"line":91},"10":{"loc":{"start":{"line":91,"column":8},"end":{"line":91,"column":68}},"type":"binary-expr","locations":[{"start":{"line":91,"column":8},"end":{"line":91,"column":21}},{"start":{"line":91,"column":25},"end":{"line":91,"column":51}},{"start":{"line":91,"column":55},"end":{"line":91,"column":68}}],"line":91},"11":{"loc":{"start":{"line":109,"column":6},"end":{"line":112,"column":7}},"type":"if","locations":[{"start":{"line":109,"column":6},"end":{"line":112,"column":7}},{"start":{},"end":{}}],"line":109},"12":{"loc":{"start":{"line":121,"column":4},"end":{"line":128,"column":5}},"type":"if","locations":[{"start":{"line":121,"column":4},"end":{"line":128,"column":5}},{"start":{},"end":{}}],"line":121},"13":{"loc":{"start":{"line":121,"column":8},"end":{"line":121,"column":50}},"type":"binary-expr","locations":[{"start":{"line":121,"column":8},"end":{"line":121,"column":19}},{"start":{"line":121,"column":23},"end":{"line":121,"column":50}}],"line":121}},"s":{"0":0,"1":0,"2":0,"3":0,"4":0,"5":0,"6":0,"7":0,"8":0,"9":0,"10":0,"11":0,"12":0,"13":0,"14":0,"15":0,"16":0,"17":0,"18":0,"19":0,"20":0,"21":0,"22":0,"23":0,"24":0,"25":0,"26":0,"27":0,"28":0,"29":0,"30":0,"31":0,"32":0,"33":0,"34":0,"35":0,"36":0,"37":0,"38":0,"39":0,"40":0,"41":0,"42":0,"43":0,"44":0,"45":0,"46":0,"47":0,"48":0,"49":0,"50":0,"51":0,"52":0,"53":0,"54":0,"55":0,"56":0,"57":0,"58":0,"59":0,"60":0,"61":0,"62":0,"63":0},"f":{"0":0,"1":0,"2":0,"3":0,"4":0,"5":0,"6":0,"7":0},"b":{"0":[0,0],"1":[0,0],"2":[0,0,0],"3":[0,0],"4":[0,0],"5":[0,0],"6":[0,0],"7":[0,0],"8":[0,0],"9":[0,0],"10":[0,0,0],"11":[0,0],"12":[0,0],"13":[0,0]}}
,"/Users/raunak/Code/20-questions-game/app/src/hooks/useGameNavigation.tsx": {"path":"/Users/raunak/Code/20-questions-game/app/src/hooks/useGameNavigation.tsx","statementMap":{"0":{"start":{"line":9,"column":33},"end":{"line":51,"column":1}},"1":{"start":{"line":10,"column":2},"end":{"line":50,"column":4}},"2":{"start":{"line":12,"column":6},"end":{"line":48,"column":9}},"3":{"start":{"line":14,"column":10},"end":{"line":46,"column":29}},"4":{"start":{"line":16,"column":14},"end":{"line":29,"column":15}},"5":{"start":{"line":17,"column":16},"end":{"line":19,"column":17}},"6":{"start":{"line":18,"column":18},"end":{"line":18,"column":38}},"7":{"start":{"line":21,"column":16},"end":{"line":28,"column":18}},"8":{"start":{"line":26,"column":73},"end":{"line":26,"column":92}}},"fnMap":{"0":{"name":"(anonymous_0)","decl":{"start":{"line":9,"column":33},"end":{"line":9,"column":34}},"loc":{"start":{"line":9,"column":75},"end":{"line":51,"column":1}},"line":9},"1":{"name":"(anonymous_1)","decl":{"start":{"line":11,"column":22},"end":{"line":11,"column":23}},"loc":{"start":{"line":11,"column":28},"end":{"line":49,"column":5}},"line":11},"2":{"name":"(anonymous_2)","decl":{"start":{"line":13,"column":21},"end":{"line":13,"column":22}},"loc":{"start":{"line":14,"column":10},"end":{"line":46,"column":29}},"line":14},"3":{"name":"(anonymous_3)","decl":{"start":{"line":15,"column":21},"end":{"line":15,"column":22}},"loc":{"start":{"line":15,"column":27},"end":{"line":30,"column":13}},"line":15},"4":{"name":"(anonymous_4)","decl":{"start":{"line":26,"column":67},"end":{"line":26,"column":68}},"loc":{"start":{"line":26,"column":73},"end":{"line":26,"column":92}},"line":26}},"branchMap":{"0":{"loc":{"start":{"line":16,"column":14},"end":{"line":29,"column":15}},"type":"if","locations":[{"start":{"line":16,"column":14},"end":{"line":29,"column":15}},{"start":{"line":20,"column":21},"end":{"line":29,"column":15}}],"line":16},"1":{"loc":{"start":{"line":17,"column":16},"end":{"line":19,"column":17}},"type":"if","locations":[{"start":{"line":17,"column":16},"end":{"line":19,"column":17}},{"start":{},"end":{}}],"line":17},"2":{"loc":{"start":{"line":38,"column":22},"end":{"line":38,"column":67}},"type":"cond-expr","locations":[{"start":{"line":38,"column":46},"end":{"line":38,"column":55}},{"start":{"line":38,"column":58},"end":{"line":38,"column":67}}],"line":38}},"s":{"0":0,"1":0,"2":0,"3":0,"4":0,"5":0,"6":0,"7":0,"8":0},"f":{"0":0,"1":0,"2":0,"3":0,"4":0},"b":{"0":[0,0],"1":[0,0],"2":[0,0]}}
,"/Users/raunak/Code/20-questions-game/app/src/hooks/useGameState.ts": {"path":"/Users/raunak/Code/20-questions-game/app/src/hooks/useGameState.ts","statementMap":{"0":{"start":{"line":32,"column":28},"end":{"line":72,"column":1}},"1":{"start":{"line":33,"column":30},"end":{"line":33,"column":59}},"2":{"start":{"line":34,"column":34},"end":{"line":34,"column":61}},"3":{"start":{"line":35,"column":32},"end":{"line":35,"column":46}},"4":{"start":{"line":36,"column":32},"end":{"line":36,"column":47}},"5":{"start":{"line":37,"column":54},"end":{"line":37,"column":66}},"6":{"start":{"line":38,"column":46},"end":{"line":38,"column":57}},"7":{"start":{"line":39,"column":38},"end":{"line":39,"column":68}},"8":{"start":{"line":40,"column":48},"end":{"line":40,"column":63}},"9":{"start":{"line":41,"column":48},"end":{"line":45,"column":4}},"10":{"start":{"line":47,"column":27},"end":{"line":57,"column":3}},"11":{"start":{"line":59,"column":36},"end":{"line":69,"column":3}},"12":{"start":{"line":71,"column":2},"end":{"line":71,"column":28}}},"fnMap":{"0":{"name":"(anonymous_0)","decl":{"start":{"line":32,"column":28},"end":{"line":32,"column":29}},"loc":{"start":{"line":32,"column":34},"end":{"line":72,"column":1}},"line":32}},"branchMap":{},"s":{"0":0,"1":0,"2":0,"3":0,"4":0,"5":0,"6":0,"7":0,"8":0,"9":0,"10":0,"11":0,"12":0},"f":{"0":0},"b":{}}
,"/Users/raunak/Code/20-questions-game/app/src/hooks/useVoiceGestures.ts": {"path":"/Users/raunak/Code/20-questions-game/app/src/hooks/useVoiceGestures.ts","statementMap":{"0":{"start":{"line":14,"column":32},"end":{"line":51,"column":1}},"1":{"start":{"line":21,"column":23},"end":{"line":36,"column":6}},"2":{"start":{"line":25,"column":6},"end":{"line":25,"column":43}},"3":{"start":{"line":26,"column":6},"end":{"line":29,"column":7}},"4":{"start":{"line":27,"column":8},"end":{"line":27,"column":43}},"5":{"start":{"line":28,"column":8},"end":{"line":28,"column":49}},"6":{"start":{"line":33,"column":6},"end":{"line":33,"column":41}},"7":{"start":{"line":34,"column":6},"end":{"line":34,"column":43}},"8":{"start":{"line":35,"column":6},"end":{"line":35,"column":46}},"9":{"start":{"line":38,"column":21},"end":{"line":46,"column":6}},"10":{"start":{"line":40,"column":6},"end":{"line":40,"column":67}},"11":{"start":{"line":41,"column":6},"end":{"line":45,"column":7}},"12":{"start":{"line":42,"column":8},"end":{"line":42,"column":23}},"13":{"start":{"line":43,"column":13},"end":{"line":45,"column":7}},"14":{"start":{"line":44,"column":8},"end":{"line":44,"column":49}},"15":{"start":{"line":48,"column":26},"end":{"line":48,"column":69}},"16":{"start":{"line":50,"column":2},"end":{"line":50,"column":25}}},"fnMap":{"0":{"name":"(anonymous_0)","decl":{"start":{"line":14,"column":32},"end":{"line":14,"column":33}},"loc":{"start":{"line":20,"column":20},"end":{"line":51,"column":1}},"line":20},"1":{"name":"(anonymous_1)","decl":{"start":{"line":23,"column":13},"end":{"line":23,"column":14}},"loc":{"start":{"line":23,"column":19},"end":{"line":30,"column":5}},"line":23},"2":{"name":"(anonymous_2)","decl":{"start":{"line":31,"column":11},"end":{"line":31,"column":12}},"loc":{"start":{"line":31,"column":17},"end":{"line":36,"column":5}},"line":31},"3":{"name":"(anonymous_3)","decl":{"start":{"line":39,"column":11},"end":{"line":39,"column":12}},"loc":{"start":{"line":39,"column":17},"end":{"line":46,"column":5}},"line":39}},"branchMap":{"0":{"loc":{"start":{"line":26,"column":6},"end":{"line":29,"column":7}},"type":"if","locations":[{"start":{"line":26,"column":6},"end":{"line":29,"column":7}},{"start":{},"end":{}}],"line":26},"1":{"loc":{"start":{"line":26,"column":10},"end":{"line":26,"column":40}},"type":"binary-expr","locations":[{"start":{"line":26,"column":10},"end":{"line":26,"column":27}},{"start":{"line":26,"column":31},"end":{"line":26,"column":40}}],"line":26},"2":{"loc":{"start":{"line":41,"column":6},"end":{"line":45,"column":7}},"type":"if","locations":[{"start":{"line":41,"column":6},"end":{"line":45,"column":7}},{"start":{"line":43,"column":13},"end":{"line":45,"column":7}}],"line":41},"3":{"loc":{"start":{"line":41,"column":10},"end":{"line":41,"column":39}},"type":"binary-expr","locations":[{"start":{"line":41,"column":10},"end":{"line":41,"column":26}},{"start":{"line":41,"column":30},"end":{"line":41,"column":39}}],"line":41},"4":{"loc":{"start":{"line":43,"column":13},"end":{"line":45,"column":7}},"type":"if","locations":[{"start":{"line":43,"column":13},"end":{"line":45,"column":7}},{"start":{},"end":{}}],"line":43}},"s":{"0":0,"1":0,"2":0,"3":0,"4":0,"5":0,"6":0,"7":0,"8":0,"9":0,"10":0,"11":0,"12":0,"13":0,"14":0,"15":0,"16":0},"f":{"0":0,"1":0,"2":0,"3":0},"b":{"0":[0,0],"1":[0,0],"2":[0,0],"3":[0,0],"4":[0,0]}}
,"/Users/raunak/Code/20-questions-game/app/src/hooks/useVoiceRecording.ts": {"path":"/Users/raunak/Code/20-questions-game/app/src/hooks/useVoiceRecording.ts","statementMap":{"0":{"start":{"line":17,"column":33},"end":{"line":228,"column":1}},"1":{"start":{"line":20,"column":46},"end":{"line":20,"column":78}},"2":{"start":{"line":21,"column":44},"end":{"line":21,"column":74}},"3":{"start":{"line":22,"column":40},"end":{"line":22,"column":51}},"4":{"start":{"line":23,"column":52},"end":{"line":23,"column":64}},"5":{"start":{"line":24,"column":25},"end":{"line":24,"column":38}},"6":{"start":{"line":25,"column":25},"end":{"line":25,"column":60}},"7":{"start":{"line":27,"column":2},"end":{"line":42,"column":9}},"8":{"start":{"line":28,"column":4},"end":{"line":28,"column":23}},"9":{"start":{"line":31,"column":4},"end":{"line":41,"column":6}},"10":{"start":{"line":33,"column":6},"end":{"line":35,"column":7}},"11":{"start":{"line":34,"column":8},"end":{"line":34,"column":45}},"12":{"start":{"line":37,"column":6},"end":{"line":40,"column":7}},"13":{"start":{"line":38,"column":8},"end":{"line":38,"column":64}},"14":{"start":{"line":39,"column":8},"end":{"line":39,"column":66}},"15":{"start":{"line":44,"column":27},"end":{"line":70,"column":3}},"16":{"start":{"line":45,"column":4},"end":{"line":69,"column":5}},"17":{"start":{"line":46,"column":6},"end":{"line":46,"column":59}},"18":{"start":{"line":47,"column":21},"end":{"line":47,"column":76}},"19":{"start":{"line":48,"column":6},"end":{"line":48,"column":51}},"20":{"start":{"line":50,"column":6},"end":{"line":64,"column":7}},"21":{"start":{"line":51,"column":8},"end":{"line":51,"column":52}},"22":{"start":{"line":52,"column":8},"end":{"line":52,"column":31}},"23":{"start":{"line":54,"column":8},"end":{"line":54,"column":50}},"24":{"start":{"line":55,"column":23},"end":{"line":55,"column":82}},"25":{"start":{"line":56,"column":8},"end":{"line":56,"column":61}},"26":{"start":{"line":57,"column":8},"end":{"line":57,"column":41}},"27":{"start":{"line":59,"column":8},"end":{"line":63,"column":9}},"28":{"start":{"line":60,"column":10},"end":{"line":60,"column":47}},"29":{"start":{"line":62,"column":10},"end":{"line":62,"column":45}},"30":{"start":{"line":66,"column":6},"end":{"line":66,"column":57}},"31":{"start":{"line":67,"column":6},"end":{"line":67,"column":81}},"32":{"start":{"line":68,"column":6},"end":{"line":68,"column":29}},"33":{"start":{"line":72,"column":2},"end":{"line":87,"column":5}},"34":{"start":{"line":73,"column":4},"end":{"line":73,"column":50}},"35":{"start":{"line":74,"column":19},"end":{"line":74,"column":35}},"36":{"start":{"line":75,"column":4},"end":{"line":86,"column":5}},"37":{"start":{"line":76,"column":6},"end":{"line":76,"column":83}},"38":{"start":{"line":77,"column":6},"end":{"line":77,"column":116}},"39":{"start":{"line":78,"column":6},"end":{"line":85,"column":7}},"40":{"start":{"line":79,"column":8},"end":{"line":79,"column":79}},"41":{"start":{"line":80,"column":8},"end":{"line":80,"column":33}},"42":{"start":{"line":81,"column":8},"end":{"line":81,"column":41}},"43":{"start":{"line":82,"column":13},"end":{"line":85,"column":7}},"44":{"start":{"line":83,"column":8},"end":{"line":83,"column":61}},"45":{"start":{"line":84,"column":8},"end":{"line":84,"column":48}},"46":{"start":{"line":89,"column":2},"end":{"line":94,"column":5}},"47":{"start":{"line":90,"column":4},"end":{"line":90,"column":62}},"48":{"start":{"line":91,"column":4},"end":{"line":91,"column":35}},"49":{"start":{"line":92,"column":4},"end":{"line":92,"column":31}},"50":{"start":{"line":93,"column":4},"end":{"line":93,"column":62}},"51":{"start":{"line":96,"column":2},"end":{"line":113,"column":5}},"52":{"start":{"line":97,"column":4},"end":{"line":97,"column":47}},"53":{"start":{"line":98,"column":4},"end":{"line":98,"column":62}},"54":{"start":{"line":99,"column":4},"end":{"line":99,"column":61}},"55":{"start":{"line":102,"column":4},"end":{"line":107,"column":5}},"56":{"start":{"line":103,"column":6},"end":{"line":103,"column":74}},"57":{"start":{"line":104,"column":6},"end":{"line":104,"column":120}},"58":{"start":{"line":105,"column":6},"end":{"line":105,"column":39}},"59":{"start":{"line":106,"column":6},"end":{"line":106,"column":31}},"60":{"start":{"line":110,"column":4},"end":{"line":110,"column":35}},"61":{"start":{"line":111,"column":4},"end":{"line":111,"column":30}},"62":{"start":{"line":112,"column":4},"end":{"line":112,"column":62}},"63":{"start":{"line":115,"column":2},"end":{"line":118,"column":5}},"64":{"start":{"line":116,"column":29},"end":{"line":116,"column":78}},"65":{"start":{"line":117,"column":4},"end":{"line":117,"column":37}},"66":{"start":{"line":120,"column":2},"end":{"line":133,"column":23}},"67":{"start":{"line":122,"column":4},"end":{"line":129,"column":5}},"68":{"start":{"line":123,"column":6},"end":{"line":128,"column":14}},"69":{"start":{"line":124,"column":27},"end":{"line":124,"column":52}},"70":{"start":{"line":125,"column":30},"end":{"line":125,"column":62}},"71":{"start":{"line":126,"column":32},"end":{"line":126,"column":88}},"72":{"start":{"line":127,"column":8},"end":{"line":127,"column":40}},"73":{"start":{"line":130,"column":4},"end":{"line":132,"column":6}},"74":{"start":{"line":131,"column":6},"end":{"line":131,"column":56}},"75":{"start":{"line":131,"column":26},"end":{"line":131,"column":56}},"76":{"start":{"line":135,"column":25},"end":{"line":176,"column":3}},"77":{"start":{"line":136,"column":4},"end":{"line":136,"column":44}},"78":{"start":{"line":137,"column":4},"end":{"line":137,"column":52}},"79":{"start":{"line":138,"column":4},"end":{"line":138,"column":54}},"80":{"start":{"line":139,"column":4},"end":{"line":139,"column":62}},"81":{"start":{"line":141,"column":4},"end":{"line":144,"column":5}},"82":{"start":{"line":142,"column":6},"end":{"line":142,"column":76}},"83":{"start":{"line":143,"column":6},"end":{"line":143,"column":13}},"84":{"start":{"line":146,"column":4},"end":{"line":150,"column":5}},"85":{"start":{"line":147,"column":6},"end":{"line":147,"column":48}},"86":{"start":{"line":148,"column":6},"end":{"line":148,"column":33}},"87":{"start":{"line":149,"column":6},"end":{"line":149,"column":13}},"88":{"start":{"line":152,"column":4},"end":{"line":175,"column":5}},"89":{"start":{"line":153,"column":6},"end":{"line":153,"column":61}},"90":{"start":{"line":154,"column":6},"end":{"line":154,"column":36}},"91":{"start":{"line":155,"column":6},"end":{"line":155,"column":37}},"92":{"start":{"line":156,"column":6},"end":{"line":156,"column":31}},"93":{"start":{"line":158,"column":6},"end":{"line":158,"column":48}},"94":{"start":{"line":159,"column":6},"end":{"line":159,"column":68}},"95":{"start":{"line":161,"column":6},"end":{"line":161,"column":52}},"96":{"start":{"line":162,"column":6},"end":{"line":167,"column":9}},"97":{"start":{"line":168,"column":6},"end":{"line":168,"column":64}},"98":{"start":{"line":171,"column":6},"end":{"line":171,"column":59}},"99":{"start":{"line":172,"column":6},"end":{"line":172,"column":37}},"100":{"start":{"line":173,"column":6},"end":{"line":173,"column":33}},"101":{"start":{"line":174,"column":6},"end":{"line":174,"column":49}},"102":{"start":{"line":178,"column":24},"end":{"line":218,"column":3}},"103":{"start":{"line":179,"column":4},"end":{"line":179,"column":75}},"104":{"start":{"line":180,"column":4},"end":{"line":180,"column":62}},"105":{"start":{"line":182,"column":4},"end":{"line":185,"column":5}},"106":{"start":{"line":183,"column":6},"end":{"line":183,"column":67}},"107":{"start":{"line":184,"column":6},"end":{"line":184,"column":13}},"108":{"start":{"line":187,"column":4},"end":{"line":217,"column":5}},"109":{"start":{"line":188,"column":6},"end":{"line":188,"column":82}},"110":{"start":{"line":191,"column":6},"end":{"line":193,"column":7}},"111":{"start":{"line":192,"column":8},"end":{"line":192,"column":45}},"112":{"start":{"line":196,"column":6},"end":{"line":209,"column":14}},"113":{"start":{"line":197,"column":8},"end":{"line":208,"column":9}},"114":{"start":{"line":198,"column":10},"end":{"line":198,"column":68}},"115":{"start":{"line":199,"column":10},"end":{"line":199,"column":51}},"116":{"start":{"line":200,"column":10},"end":{"line":200,"column":71}},"117":{"start":{"line":201,"column":10},"end":{"line":201,"column":59}},"118":{"start":{"line":203,"column":10},"end":{"line":203,"column":74}},"119":{"start":{"line":205,"column":10},"end":{"line":205,"column":41}},"120":{"start":{"line":206,"column":10},"end":{"line":206,"column":37}},"121":{"start":{"line":207,"column":10},"end":{"line":207,"column":53}},"122":{"start":{"line":212,"column":6},"end":{"line":212,"column":62}},"123":{"start":{"line":214,"column":6},"end":{"line":214,"column":37}},"124":{"start":{"line":215,"column":6},"end":{"line":215,"column":33}},"125":{"start":{"line":216,"column":6},"end":{"line":216,"column":49}},"126":{"start":{"line":220,"column":2},"end":{"line":227,"column":4}}},"fnMap":{"0":{"name":"(anonymous_0)","decl":{"start":{"line":17,"column":33},"end":{"line":17,"column":34}},"loc":{"start":{"line":19,"column":25},"end":{"line":228,"column":1}},"line":19},"1":{"name":"(anonymous_1)","decl":{"start":{"line":27,"column":12},"end":{"line":27,"column":13}},"loc":{"start":{"line":27,"column":18},"end":{"line":42,"column":3}},"line":27},"2":{"name":"(anonymous_2)","decl":{"start":{"line":31,"column":11},"end":{"line":31,"column":12}},"loc":{"start":{"line":31,"column":17},"end":{"line":41,"column":5}},"line":31},"3":{"name":"(anonymous_3)","decl":{"start":{"line":44,"column":27},"end":{"line":44,"column":28}},"loc":{"start":{"line":44,"column":39},"end":{"line":70,"column":3}},"line":44},"4":{"name":"(anonymous_4)","decl":{"start":{"line":72,"column":38},"end":{"line":72,"column":39}},"loc":{"start":{"line":72,"column":49},"end":{"line":87,"column":3}},"line":72},"5":{"name":"(anonymous_5)","decl":{"start":{"line":89,"column":37},"end":{"line":89,"column":38}},"loc":{"start":{"line":89,"column":48},"end":{"line":94,"column":3}},"line":89},"6":{"name":"(anonymous_6)","decl":{"start":{"line":96,"column":35},"end":{"line":96,"column":36}},"loc":{"start":{"line":96,"column":41},"end":{"line":113,"column":3}},"line":96},"7":{"name":"(anonymous_7)","decl":{"start":{"line":115,"column":44},"end":{"line":115,"column":45}},"loc":{"start":{"line":115,"column":55},"end":{"line":118,"column":3}},"line":115},"8":{"name":"(anonymous_8)","decl":{"start":{"line":120,"column":12},"end":{"line":120,"column":13}},"loc":{"start":{"line":120,"column":18},"end":{"line":133,"column":3}},"line":120},"9":{"name":"(anonymous_9)","decl":{"start":{"line":123,"column":35},"end":{"line":123,"column":36}},"loc":{"start":{"line":123,"column":41},"end":{"line":128,"column":7}},"line":123},"10":{"name":"(anonymous_10)","decl":{"start":{"line":130,"column":11},"end":{"line":130,"column":12}},"loc":{"start":{"line":130,"column":17},"end":{"line":132,"column":5}},"line":130},"11":{"name":"(anonymous_11)","decl":{"start":{"line":135,"column":25},"end":{"line":135,"column":26}},"loc":{"start":{"line":135,"column":37},"end":{"line":176,"column":3}},"line":135},"12":{"name":"(anonymous_12)","decl":{"start":{"line":178,"column":24},"end":{"line":178,"column":25}},"loc":{"start":{"line":178,"column":36},"end":{"line":218,"column":3}},"line":178},"13":{"name":"(anonymous_13)","decl":{"start":{"line":196,"column":42},"end":{"line":196,"column":43}},"loc":{"start":{"line":196,"column":54},"end":{"line":209,"column":7}},"line":196}},"branchMap":{"0":{"loc":{"start":{"line":33,"column":6},"end":{"line":35,"column":7}},"type":"if","locations":[{"start":{"line":33,"column":6},"end":{"line":35,"column":7}},{"start":{},"end":{}}],"line":33},"1":{"loc":{"start":{"line":37,"column":6},"end":{"line":40,"column":7}},"type":"if","locations":[{"start":{"line":37,"column":6},"end":{"line":40,"column":7}},{"start":{},"end":{}}],"line":37},"2":{"loc":{"start":{"line":50,"column":6},"end":{"line":64,"column":7}},"type":"if","locations":[{"start":{"line":50,"column":6},"end":{"line":64,"column":7}},{"start":{"line":53,"column":13},"end":{"line":64,"column":7}}],"line":50},"3":{"loc":{"start":{"line":59,"column":8},"end":{"line":63,"column":9}},"type":"if","locations":[{"start":{"line":59,"column":8},"end":{"line":63,"column":9}},{"start":{"line":61,"column":15},"end":{"line":63,"column":9}}],"line":59},"4":{"loc":{"start":{"line":75,"column":4},"end":{"line":86,"column":5}},"type":"if","locations":[{"start":{"line":75,"column":4},"end":{"line":86,"column":5}},{"start":{},"end":{}}],"line":75},"5":{"loc":{"start":{"line":78,"column":6},"end":{"line":85,"column":7}},"type":"if","locations":[{"start":{"line":78,"column":6},"end":{"line":85,"column":7}},{"start":{"line":82,"column":13},"end":{"line":85,"column":7}}],"line":78},"6":{"loc":{"start":{"line":78,"column":10},"end":{"line":78,"column":52}},"type":"binary-expr","locations":[{"start":{"line":78,"column":10},"end":{"line":78,"column":24}},{"start":{"line":78,"column":28},"end":{"line":78,"column":52}}],"line":78},"7":{"loc":{"start":{"line":82,"column":13},"end":{"line":85,"column":7}},"type":"if","locations":[{"start":{"line":82,"column":13},"end":{"line":85,"column":7}},{"start":{},"end":{}}],"line":82},"8":{"loc":{"start":{"line":102,"column":4},"end":{"line":107,"column":5}},"type":"if","locations":[{"start":{"line":102,"column":4},"end":{"line":107,"column":5}},{"start":{},"end":{}}],"line":102},"9":{"loc":{"start":{"line":102,"column":8},"end":{"line":102,"column":58}},"type":"binary-expr","locations":[{"start":{"line":102,"column":8},"end":{"line":102,"column":32}},{"start":{"line":102,"column":36},"end":{"line":102,"column":58}}],"line":102},"10":{"loc":{"start":{"line":122,"column":4},"end":{"line":129,"column":5}},"type":"if","locations":[{"start":{"line":122,"column":4},"end":{"line":129,"column":5}},{"start":{},"end":{}}],"line":122},"11":{"loc":{"start":{"line":131,"column":6},"end":{"line":131,"column":56}},"type":"if","locations":[{"start":{"line":131,"column":6},"end":{"line":131,"column":56}},{"start":{},"end":{}}],"line":131},"12":{"loc":{"start":{"line":141,"column":4},"end":{"line":144,"column":5}},"type":"if","locations":[{"start":{"line":141,"column":4},"end":{"line":144,"column":5}},{"start":{},"end":{}}],"line":141},"13":{"loc":{"start":{"line":141,"column":8},"end":{"line":141,"column":59}},"type":"binary-expr","locations":[{"start":{"line":141,"column":8},"end":{"line":141,"column":33}},{"start":{"line":141,"column":37},"end":{"line":141,"column":59}}],"line":141},"14":{"loc":{"start":{"line":146,"column":4},"end":{"line":150,"column":5}},"type":"if","locations":[{"start":{"line":146,"column":4},"end":{"line":150,"column":5}},{"start":{},"end":{}}],"line":146},"15":{"loc":{"start":{"line":182,"column":4},"end":{"line":185,"column":5}},"type":"if","locations":[{"start":{"line":182,"column":4},"end":{"line":185,"column":5}},{"start":{},"end":{}}],"line":182},"16":{"loc":{"start":{"line":191,"column":6},"end":{"line":193,"column":7}},"type":"if","locations":[{"start":{"line":191,"column":6},"end":{"line":193,"column":7}},{"start":{},"end":{}}],"line":191}},"s":{"0":1,"1":68,"2":68,"3":68,"4":68,"5":68,"6":68,"7":68,"8":18,"9":18,"10":18,"11":6,"12":18,"13":6,"14":6,"15":68,"16":18,"17":18,"18":18,"19":18,"20":18,"21":17,"22":17,"23":1,"24":1,"25":1,"26":1,"27":1,"28":1,"29":0,"30":0,"31":0,"32":0,"33":68,"34":6,"35":6,"36":6,"37":6,"38":6,"39":6,"40":1,"41":1,"42":1,"43":5,"44":4,"45":4,"46":68,"47":1,"48":1,"49":1,"50":1,"51":68,"52":7,"53":7,"54":7,"55":7,"56":3,"57":3,"58":3,"59":3,"60":7,"61":7,"62":7,"63":68,"64":1,"65":1,"66":68,"67":43,"68":15,"69":12,"70":12,"71":12,"72":12,"73":43,"74":43,"75":15,"76":68,"77":17,"78":17,"79":17,"80":17,"81":17,"82":1,"83":1,"84":16,"85":0,"86":0,"87":0,"88":16,"89":16,"90":16,"91":16,"92":16,"93":16,"94":16,"95":16,"96":16,"97":15,"98":1,"99":1,"100":1,"101":1,"102":68,"103":6,"104":6,"105":6,"106":0,"107":0,"108":6,"109":6,"110":6,"111":0,"112":6,"113":4,"114":4,"115":4,"116":3,"117":3,"118":1,"119":1,"120":1,"121":1,"122":0,"123":0,"124":0,"125":0,"126":68},"f":{"0":68,"1":18,"2":18,"3":18,"4":6,"5":1,"6":7,"7":1,"8":43,"9":12,"10":43,"11":17,"12":6,"13":4},"b":{"0":[6,12],"1":[6,12],"2":[17,1],"3":[1,0],"4":[6,0],"5":[1,5],"6":[6,2],"7":[4,1],"8":[3,4],"9":[7,3],"10":[15,28],"11":[15,28],"12":[1,16],"13":[17,16],"14":[0,16],"15":[0,6],"16":[0,6]},"_coverageSchema":"1a1c01bbd47fc00a2c39e90264f33305004495a9","hash":"659ef44e5451b0c44c84a6163916407d33d09681"}
,"/Users/raunak/Code/20-questions-game/app/src/navigation/AppNavigator.tsx": {"path":"/Users/raunak/Code/20-questions-game/app/src/navigation/AppNavigator.tsx","statementMap":{"0":{"start":{"line":13,"column":14},"end":{"line":13,"column":56}},"1":{"start":{"line":16,"column":2},"end":{"line":42,"column":4}}},"fnMap":{"0":{"name":"AppNavigator","decl":{"start":{"line":15,"column":24},"end":{"line":15,"column":36}},"loc":{"start":{"line":15,"column":39},"end":{"line":43,"column":1}},"line":15}},"branchMap":{},"s":{"0":0,"1":0},"f":{"0":0},"b":{}}
,"/Users/raunak/Code/20-questions-game/app/src/screens/GameScreen.tsx": {"path":"/Users/raunak/Code/20-questions-game/app/src/screens/GameScreen.tsx","statementMap":{"0":{"start":{"line":33,"column":23},"end":{"line":33,"column":35}},"1":{"start":{"line":34,"column":34},"end":{"line":34,"column":46}},"2":{"start":{"line":36,"column":29},"end":{"line":36,"column":43}},"3":{"start":{"line":37,"column":22},"end":{"line":37,"column":52}},"4":{"start":{"line":39,"column":2},"end":{"line":39,"column":32}},"5":{"start":{"line":41,"column":2},"end":{"line":44,"column":9}},"6":{"start":{"line":42,"column":4},"end":{"line":42,"column":66}},"7":{"start":{"line":42,"column":45},"end":{"line":42,"column":64}},"8":{"start":{"line":43,"column":4},"end":{"line":43,"column":30}},"9":{"start":{"line":46,"column":28},"end":{"line":49,"column":3}},"10":{"start":{"line":47,"column":4},"end":{"line":47,"column":50}},"11":{"start":{"line":48,"column":4},"end":{"line":48,"column":20}},"12":{"start":{"line":51,"column":27},"end":{"line":54,"column":3}},"13":{"start":{"line":52,"column":4},"end":{"line":52,"column":50}},"14":{"start":{"line":53,"column":4},"end":{"line":53,"column":20}},"15":{"start":{"line":56,"column":33},"end":{"line":59,"column":3}},"16":{"start":{"line":57,"column":4},"end":{"line":57,"column":38}},"17":{"start":{"line":58,"column":4},"end":{"line":58,"column":24}},"18":{"start":{"line":61,"column":2},"end":{"line":63,"column":3}},"19":{"start":{"line":62,"column":4},"end":{"line":62,"column":27}},"20":{"start":{"line":65,"column":2},"end":{"line":104,"column":4}},"21":{"start":{"line":107,"column":15},"end":{"line":112,"column":2}}},"fnMap":{"0":{"name":"GameScreen","decl":{"start":{"line":32,"column":24},"end":{"line":32,"column":34}},"loc":{"start":{"line":32,"column":65},"end":{"line":105,"column":1}},"line":32},"1":{"name":"(anonymous_1)","decl":{"start":{"line":41,"column":12},"end":{"line":41,"column":13}},"loc":{"start":{"line":41,"column":18},"end":{"line":44,"column":3}},"line":41},"2":{"name":"(anonymous_2)","decl":{"start":{"line":42,"column":39},"end":{"line":42,"column":40}},"loc":{"start":{"line":42,"column":45},"end":{"line":42,"column":64}},"line":42},"3":{"name":"(anonymous_3)","decl":{"start":{"line":46,"column":28},"end":{"line":46,"column":29}},"loc":{"start":{"line":46,"column":51},"end":{"line":49,"column":3}},"line":46},"4":{"name":"(anonymous_4)","decl":{"start":{"line":51,"column":27},"end":{"line":51,"column":28}},"loc":{"start":{"line":51,"column":33},"end":{"line":54,"column":3}},"line":51},"5":{"name":"(anonymous_5)","decl":{"start":{"line":56,"column":33},"end":{"line":56,"column":34}},"loc":{"start":{"line":56,"column":39},"end":{"line":59,"column":3}},"line":56}},"branchMap":{"0":{"loc":{"start":{"line":61,"column":2},"end":{"line":63,"column":3}},"type":"if","locations":[{"start":{"line":61,"column":2},"end":{"line":63,"column":3}},{"start":{},"end":{}}],"line":61},"1":{"loc":{"start":{"line":69,"column":18},"end":{"line":69,"column":62}},"type":"cond-expr","locations":[{"start":{"line":69,"column":42},"end":{"line":69,"column":51}},{"start":{"line":69,"column":54},"end":{"line":69,"column":62}}],"line":69},"2":{"loc":{"start":{"line":70,"column":32},"end":{"line":70,"column":62}},"type":"cond-expr","locations":[{"start":{"line":70,"column":56},"end":{"line":70,"column":57}},{"start":{"line":70,"column":60},"end":{"line":70,"column":62}}],"line":70}},"s":{"0":0,"1":0,"2":0,"3":0,"4":0,"5":0,"6":0,"7":0,"8":0,"9":0,"10":0,"11":0,"12":0,"13":0,"14":0,"15":0,"16":0,"17":0,"18":0,"19":0,"20":0,"21":0},"f":{"0":0,"1":0,"2":0,"3":0,"4":0,"5":0},"b":{"0":[0,0],"1":[0,0],"2":[0,0]}}
,"/Users/raunak/Code/20-questions-game/app/src/screens/HomeScreen.tsx": {"path":"/Users/raunak/Code/20-questions-game/app/src/screens/HomeScreen.tsx","statementMap":{"0":{"start":{"line":25,"column":38},"end":{"line":25,"column":62}},"1":{"start":{"line":26,"column":32},"end":{"line":26,"column":46}},"2":{"start":{"line":28,"column":2},"end":{"line":31,"column":9}},"3":{"start":{"line":29,"column":4},"end":{"line":29,"column":21}},"4":{"start":{"line":30,"column":4},"end":{"line":30,"column":22}},"5":{"start":{"line":33,"column":26},"end":{"line":35,"column":3}},"6":{"start":{"line":34,"column":4},"end":{"line":34,"column":36}},"7":{"start":{"line":37,"column":25},"end":{"line":46,"column":3}},"8":{"start":{"line":38,"column":4},"end":{"line":45,"column":5}},"9":{"start":{"line":39,"column":19},"end":{"line":39,"column":52}},"10":{"start":{"line":40,"column":6},"end":{"line":40,"column":26}},"11":{"start":{"line":42,"column":6},"end":{"line":42,"column":56}},"12":{"start":{"line":44,"column":6},"end":{"line":44,"column":24}},"13":{"start":{"line":48,"column":20},"end":{"line":50,"column":3}},"14":{"start":{"line":49,"column":4},"end":{"line":49,"column":46}},"15":{"start":{"line":52,"column":2},"end":{"line":58,"column":3}},"16":{"start":{"line":53,"column":4},"end":{"line":57,"column":6}},"17":{"start":{"line":60,"column":2},"end":{"line":105,"column":4}},"18":{"start":{"line":76,"column":12},"end":{"line":89,"column":31}},"19":{"start":{"line":79,"column":29},"end":{"line":79,"column":53}},"20":{"start":{"line":108,"column":15},"end":{"line":193,"column":2}}},"fnMap":{"0":{"name":"HomeScreen","decl":{"start":{"line":24,"column":24},"end":{"line":24,"column":34}},"loc":{"start":{"line":24,"column":58},"end":{"line":106,"column":1}},"line":24},"1":{"name":"(anonymous_1)","decl":{"start":{"line":28,"column":12},"end":{"line":28,"column":13}},"loc":{"start":{"line":28,"column":18},"end":{"line":31,"column":3}},"line":28},"2":{"name":"(anonymous_2)","decl":{"start":{"line":33,"column":26},"end":{"line":33,"column":27}},"loc":{"start":{"line":33,"column":38},"end":{"line":35,"column":3}},"line":33},"3":{"name":"(anonymous_3)","decl":{"start":{"line":37,"column":25},"end":{"line":37,"column":26}},"loc":{"start":{"line":37,"column":37},"end":{"line":46,"column":3}},"line":37},"4":{"name":"(anonymous_4)","decl":{"start":{"line":48,"column":20},"end":{"line":48,"column":21}},"loc":{"start":{"line":48,"column":42},"end":{"line":50,"column":3}},"line":48},"5":{"name":"(anonymous_5)","decl":{"start":{"line":75,"column":26},"end":{"line":75,"column":27}},"loc":{"start":{"line":76,"column":12},"end":{"line":89,"column":31}},"line":76},"6":{"name":"(anonymous_6)","decl":{"start":{"line":79,"column":23},"end":{"line":79,"column":24}},"loc":{"start":{"line":79,"column":29},"end":{"line":79,"column":53}},"line":79}},"branchMap":{"0":{"loc":{"start":{"line":52,"column":2},"end":{"line":58,"column":3}},"type":"if","locations":[{"start":{"line":52,"column":2},"end":{"line":58,"column":3}},{"start":{},"end":{}}],"line":52},"1":{"loc":{"start":{"line":84,"column":17},"end":{"line":86,"column":82}},"type":"cond-expr","locations":[{"start":{"line":85,"column":20},"end":{"line":85,"column":46}},{"start":{"line":86,"column":20},"end":{"line":86,"column":82}}],"line":84}},"s":{"0":0,"1":0,"2":0,"3":0,"4":0,"5":0,"6":0,"7":0,"8":0,"9":0,"10":0,"11":0,"12":0,"13":0,"14":0,"15":0,"16":0,"17":0,"18":0,"19":0,"20":0},"f":{"0":0,"1":0,"2":0,"3":0,"4":0,"5":0,"6":0},"b":{"0":[0,0],"1":[0,0]}}
,"/Users/raunak/Code/20-questions-game/app/src/services/AudioManager.ts": {"path":"/Users/raunak/Code/20-questions-game/app/src/services/AudioManager.ts","statementMap":{"0":{"start":{"line":7,"column":40},"end":{"line":7,"column":49}},"1":{"start":{"line":8,"column":33},"end":{"line":8,"column":38}},"2":{"start":{"line":9,"column":39},"end":{"line":9,"column":44}},"3":{"start":{"line":10,"column":35},"end":{"line":10,"column":38}},"4":{"start":{"line":13,"column":4},"end":{"line":13,"column":33}},"5":{"start":{"line":13,"column":26},"end":{"line":13,"column":33}},"6":{"start":{"line":15,"column":4},"end":{"line":24,"column":5}},"7":{"start":{"line":17,"column":6},"end":{"line":17,"column":33}},"8":{"start":{"line":19,"column":6},"end":{"line":19,"column":30}},"9":{"start":{"line":21,"column":6},"end":{"line":21,"column":57}},"10":{"start":{"line":23,"column":6},"end":{"line":23,"column":30}},"11":{"start":{"line":28,"column":4},"end":{"line":62,"column":5}},"12":{"start":{"line":29,"column":6},"end":{"line":29,"column":44}},"13":{"start":{"line":32,"column":26},"end":{"line":40,"column":7}},"14":{"start":{"line":43,"column":6},"end":{"line":56,"column":7}},"15":{"start":{"line":44,"column":8},"end":{"line":55,"column":9}},"16":{"start":{"line":45,"column":25},"end":{"line":45,"column":55}},"17":{"start":{"line":46,"column":10},"end":{"line":52,"column":11}},"18":{"start":{"line":47,"column":12},"end":{"line":47,"column":48}},"19":{"start":{"line":48,"column":12},"end":{"line":48,"column":60}},"20":{"start":{"line":49,"column":12},"end":{"line":49,"column":55}},"21":{"start":{"line":51,"column":12},"end":{"line":51,"column":93}},"22":{"start":{"line":54,"column":10},"end":{"line":54,"column":68}},"23":{"start":{"line":58,"column":6},"end":{"line":58,"column":82}},"24":{"start":{"line":60,"column":6},"end":{"line":60,"column":57}},"25":{"start":{"line":66,"column":4},"end":{"line":66,"column":41}},"26":{"start":{"line":68,"column":4},"end":{"line":74,"column":5}},"27":{"start":{"line":70,"column":6},"end":{"line":70,"column":32}},"28":{"start":{"line":73,"column":6},"end":{"line":73,"column":48}},"29":{"start":{"line":78,"column":4},"end":{"line":84,"column":5}},"30":{"start":{"line":79,"column":6},"end":{"line":81,"column":7}},"31":{"start":{"line":80,"column":8},"end":{"line":80,"column":30}},"32":{"start":{"line":83,"column":6},"end":{"line":83,"column":54}},"33":{"start":{"line":88,"column":4},"end":{"line":90,"column":5}},"34":{"start":{"line":89,"column":6},"end":{"line":89,"column":30}},"35":{"start":{"line":93,"column":40},"end":{"line":93,"column":60}},"36":{"start":{"line":94,"column":4},"end":{"line":98,"column":5}},"37":{"start":{"line":96,"column":6},"end":{"line":96,"column":47}},"38":{"start":{"line":97,"column":6},"end":{"line":97,"column":13}},"39":{"start":{"line":100,"column":4},"end":{"line":115,"column":5}},"40":{"start":{"line":102,"column":6},"end":{"line":102,"column":47}},"41":{"start":{"line":105,"column":20},"end":{"line":105,"column":46}},"42":{"start":{"line":106,"column":6},"end":{"line":111,"column":7}},"43":{"start":{"line":107,"column":8},"end":{"line":107,"column":24}},"44":{"start":{"line":108,"column":8},"end":{"line":108,"column":21}},"45":{"start":{"line":110,"column":8},"end":{"line":110,"column":87}},"46":{"start":{"line":113,"column":6},"end":{"line":113,"column":67}},"47":{"start":{"line":119,"column":4},"end":{"line":145,"column":5}},"48":{"start":{"line":120,"column":6},"end":{"line":142,"column":7}},"49":{"start":{"line":122,"column":10},"end":{"line":122,"column":72}},"50":{"start":{"line":123,"column":10},"end":{"line":123,"column":16}},"51":{"start":{"line":125,"column":10},"end":{"line":125,"column":71}},"52":{"start":{"line":126,"column":10},"end":{"line":126,"column":16}},"53":{"start":{"line":128,"column":10},"end":{"line":128,"column":71}},"54":{"start":{"line":129,"column":10},"end":{"line":129,"column":16}},"55":{"start":{"line":131,"column":10},"end":{"line":131,"column":71}},"56":{"start":{"line":132,"column":10},"end":{"line":132,"column":16}},"57":{"start":{"line":134,"column":10},"end":{"line":134,"column":84}},"58":{"start":{"line":135,"column":10},"end":{"line":135,"column":16}},"59":{"start":{"line":137,"column":10},"end":{"line":137,"column":82}},"60":{"start":{"line":138,"column":10},"end":{"line":138,"column":16}},"61":{"start":{"line":140,"column":10},"end":{"line":140,"column":72}},"62":{"start":{"line":141,"column":10},"end":{"line":141,"column":16}},"63":{"start":{"line":144,"column":6},"end":{"line":144,"column":78}},"64":{"start":{"line":150,"column":4},"end":{"line":159,"column":5}},"65":{"start":{"line":152,"column":6},"end":{"line":154,"column":7}},"66":{"start":{"line":153,"column":8},"end":{"line":153,"column":24}},"67":{"start":{"line":155,"column":6},"end":{"line":155,"column":26}},"68":{"start":{"line":156,"column":6},"end":{"line":156,"column":31}},"69":{"start":{"line":158,"column":6},"end":{"line":158,"column":54}},"70":{"start":{"line":163,"column":28},"end":{"line":163,"column":46}}},"fnMap":{"0":{"name":"(anonymous_0)","decl":{"start":{"line":12,"column":2},"end":{"line":12,"column":3}},"loc":{"start":{"line":12,"column":21},"end":{"line":25,"column":3}},"line":12},"1":{"name":"(anonymous_1)","decl":{"start":{"line":27,"column":2},"end":{"line":27,"column":3}},"loc":{"start":{"line":27,"column":32},"end":{"line":63,"column":3}},"line":27},"2":{"name":"(anonymous_2)","decl":{"start":{"line":65,"column":2},"end":{"line":65,"column":3}},"loc":{"start":{"line":65,"column":47},"end":{"line":75,"column":3}},"line":65},"3":{"name":"(anonymous_3)","decl":{"start":{"line":77,"column":2},"end":{"line":77,"column":3}},"loc":{"start":{"line":77,"column":42},"end":{"line":85,"column":3}},"line":77},"4":{"name":"(anonymous_4)","decl":{"start":{"line":87,"column":2},"end":{"line":87,"column":3}},"loc":{"start":{"line":87,"column":40},"end":{"line":116,"column":3}},"line":87},"5":{"name":"(anonymous_5)","decl":{"start":{"line":118,"column":2},"end":{"line":118,"column":3}},"loc":{"start":{"line":118,"column":57},"end":{"line":146,"column":3}},"line":118},"6":{"name":"(anonymous_6)","decl":{"start":{"line":149,"column":2},"end":{"line":149,"column":3}},"loc":{"start":{"line":149,"column":18},"end":{"line":160,"column":3}},"line":149}},"branchMap":{"0":{"loc":{"start":{"line":13,"column":4},"end":{"line":13,"column":33}},"type":"if","locations":[{"start":{"line":13,"column":4},"end":{"line":13,"column":33}},{"start":{},"end":{}}],"line":13},"1":{"loc":{"start":{"line":46,"column":10},"end":{"line":52,"column":11}},"type":"if","locations":[{"start":{"line":46,"column":10},"end":{"line":52,"column":11}},{"start":{"line":50,"column":17},"end":{"line":52,"column":11}}],"line":46},"2":{"loc":{"start":{"line":68,"column":4},"end":{"line":74,"column":5}},"type":"if","locations":[{"start":{"line":68,"column":4},"end":{"line":74,"column":5}},{"start":{"line":71,"column":11},"end":{"line":74,"column":5}}],"line":68},"3":{"loc":{"start":{"line":88,"column":4},"end":{"line":90,"column":5}},"type":"if","locations":[{"start":{"line":88,"column":4},"end":{"line":90,"column":5}},{"start":{},"end":{}}],"line":88},"4":{"loc":{"start":{"line":94,"column":4},"end":{"line":98,"column":5}},"type":"if","locations":[{"start":{"line":94,"column":4},"end":{"line":98,"column":5}},{"start":{},"end":{}}],"line":94},"5":{"loc":{"start":{"line":94,"column":8},"end":{"line":94,"column":69}},"type":"binary-expr","locations":[{"start":{"line":94,"column":8},"end":{"line":94,"column":30}},{"start":{"line":94,"column":34},"end":{"line":94,"column":69}}],"line":94},"6":{"loc":{"start":{"line":106,"column":6},"end":{"line":111,"column":7}},"type":"if","locations":[{"start":{"line":106,"column":6},"end":{"line":111,"column":7}},{"start":{"line":109,"column":13},"end":{"line":111,"column":7}}],"line":106},"7":{"loc":{"start":{"line":120,"column":6},"end":{"line":142,"column":7}},"type":"switch","locations":[{"start":{"line":121,"column":8},"end":{"line":123,"column":16}},{"start":{"line":124,"column":8},"end":{"line":126,"column":16}},{"start":{"line":127,"column":8},"end":{"line":129,"column":16}},{"start":{"line":130,"column":8},"end":{"line":132,"column":16}},{"start":{"line":133,"column":8},"end":{"line":135,"column":16}},{"start":{"line":136,"column":8},"end":{"line":138,"column":16}},{"start":{"line":139,"column":8},"end":{"line":141,"column":16}}],"line":120}},"s":{"0":0,"1":0,"2":0,"3":0,"4":0,"5":0,"6":0,"7":0,"8":0,"9":0,"10":0,"11":0,"12":0,"13":0,"14":0,"15":0,"16":0,"17":0,"18":0,"19":0,"20":0,"21":0,"22":0,"23":0,"24":0,"25":0,"26":0,"27":0,"28":0,"29":0,"30":0,"31":0,"32":0,"33":0,"34":0,"35":0,"36":0,"37":0,"38":0,"39":0,"40":0,"41":0,"42":0,"43":0,"44":0,"45":0,"46":0,"47":0,"48":0,"49":0,"50":0,"51":0,"52":0,"53":0,"54":0,"55":0,"56":0,"57":0,"58":0,"59":0,"60":0,"61":0,"62":0,"63":0,"64":0,"65":0,"66":0,"67":0,"68":0,"69":0,"70":0},"f":{"0":0,"1":0,"2":0,"3":0,"4":0,"5":0,"6":0},"b":{"0":[0,0],"1":[0,0],"2":[0,0],"3":[0,0],"4":[0,0],"5":[0,0],"6":[0,0],"7":[0,0,0,0,0,0,0]}}
,"/Users/raunak/Code/20-questions-game/app/src/services/gameService.ts": {"path":"/Users/raunak/Code/20-questions-game/app/src/services/gameService.ts","statementMap":{"0":{"start":{"line":13,"column":22},"end":{"line":13,"column":76}},"1":{"start":{"line":17,"column":21},"end":{"line":24,"column":6}},"2":{"start":{"line":26,"column":4},"end":{"line":29,"column":5}},"3":{"start":{"line":27,"column":20},"end":{"line":27,"column":41}},"4":{"start":{"line":28,"column":6},"end":{"line":28,"column":60}},"5":{"start":{"line":31,"column":4},"end":{"line":31,"column":26}},"6":{"start":{"line":36,"column":4},"end":{"line":42,"column":5}},"7":{"start":{"line":37,"column":33},"end":{"line":37,"column":62}},"8":{"start":{"line":38,"column":6},"end":{"line":38,"column":24}},"9":{"start":{"line":41,"column":6},"end":{"line":41,"column":25}},"10":{"start":{"line":44,"column":38},"end":{"line":47,"column":5}},"11":{"start":{"line":48,"column":4},"end":{"line":48,"column":88}},"12":{"start":{"line":52,"column":40},"end":{"line":55,"column":5}},"13":{"start":{"line":56,"column":4},"end":{"line":56,"column":94}},"14":{"start":{"line":60,"column":36},"end":{"line":62,"column":5}},"15":{"start":{"line":63,"column":4},"end":{"line":63,"column":82}},"16":{"start":{"line":68,"column":28},"end":{"line":72,"column":15}},"17":{"start":{"line":74,"column":4},"end":{"line":77,"column":5}},"18":{"start":{"line":75,"column":6},"end":{"line":75,"column":50}},"19":{"start":{"line":76,"column":6},"end":{"line":76,"column":17}},"20":{"start":{"line":79,"column":4},"end":{"line":79,"column":15}},"21":{"start":{"line":83,"column":28},"end":{"line":87,"column":47}},"22":{"start":{"line":89,"column":4},"end":{"line":92,"column":5}},"23":{"start":{"line":90,"column":6},"end":{"line":90,"column":54}},"24":{"start":{"line":91,"column":6},"end":{"line":91,"column":15}},"25":{"start":{"line":94,"column":4},"end":{"line":94,"column":21}},"26":{"start":{"line":98,"column":4},"end":{"line":113,"column":5}},"27":{"start":{"line":99,"column":30},"end":{"line":102,"column":22}},"28":{"start":{"line":104,"column":6},"end":{"line":107,"column":7}},"29":{"start":{"line":105,"column":8},"end":{"line":105,"column":58}},"30":{"start":{"line":106,"column":8},"end":{"line":106,"column":17}},"31":{"start":{"line":109,"column":6},"end":{"line":109,"column":23}},"32":{"start":{"line":111,"column":6},"end":{"line":111,"column":56}},"33":{"start":{"line":112,"column":6},"end":{"line":112,"column":15}},"34":{"start":{"line":118,"column":27},"end":{"line":118,"column":44}}},"fnMap":{"0":{"name":"(anonymous_0)","decl":{"start":{"line":16,"column":2},"end":{"line":16,"column":3}},"loc":{"start":{"line":16,"column":78},"end":{"line":32,"column":3}},"line":16},"1":{"name":"(anonymous_1)","decl":{"start":{"line":34,"column":2},"end":{"line":34,"column":3}},"loc":{"start":{"line":34,"column":65},"end":{"line":49,"column":3}},"line":34},"2":{"name":"(anonymous_2)","decl":{"start":{"line":51,"column":2},"end":{"line":51,"column":3}},"loc":{"start":{"line":51,"column":84},"end":{"line":57,"column":3}},"line":51},"3":{"name":"(anonymous_3)","decl":{"start":{"line":59,"column":2},"end":{"line":59,"column":3}},"loc":{"start":{"line":59,"column":58},"end":{"line":64,"column":3}},"line":59},"4":{"name":"(anonymous_4)","decl":{"start":{"line":67,"column":2},"end":{"line":67,"column":3}},"loc":{"start":{"line":67,"column":54},"end":{"line":80,"column":3}},"line":67},"5":{"name":"(anonymous_5)","decl":{"start":{"line":82,"column":2},"end":{"line":82,"column":3}},"loc":{"start":{"line":82,"column":64},"end":{"line":95,"column":3}},"line":82},"6":{"name":"(anonymous_6)","decl":{"start":{"line":97,"column":2},"end":{"line":97,"column":3}},"loc":{"start":{"line":97,"column":24},"end":{"line":114,"column":3}},"line":97}},"branchMap":{"0":{"loc":{"start":{"line":26,"column":4},"end":{"line":29,"column":5}},"type":"if","locations":[{"start":{"line":26,"column":4},"end":{"line":29,"column":5}},{"start":{},"end":{}}],"line":26},"1":{"loc":{"start":{"line":28,"column":22},"end":{"line":28,"column":59}},"type":"binary-expr","locations":[{"start":{"line":28,"column":22},"end":{"line":28,"column":33}},{"start":{"line":28,"column":37},"end":{"line":28,"column":59}}],"line":28},"2":{"loc":{"start":{"line":74,"column":4},"end":{"line":77,"column":5}},"type":"if","locations":[{"start":{"line":74,"column":4},"end":{"line":77,"column":5}},{"start":{},"end":{}}],"line":74},"3":{"loc":{"start":{"line":89,"column":4},"end":{"line":92,"column":5}},"type":"if","locations":[{"start":{"line":89,"column":4},"end":{"line":92,"column":5}},{"start":{},"end":{}}],"line":89},"4":{"loc":{"start":{"line":94,"column":11},"end":{"line":94,"column":21}},"type":"binary-expr","locations":[{"start":{"line":94,"column":11},"end":{"line":94,"column":15}},{"start":{"line":94,"column":19},"end":{"line":94,"column":21}}],"line":94},"5":{"loc":{"start":{"line":104,"column":6},"end":{"line":107,"column":7}},"type":"if","locations":[{"start":{"line":104,"column":6},"end":{"line":107,"column":7}},{"start":{},"end":{}}],"line":104},"6":{"loc":{"start":{"line":109,"column":13},"end":{"line":109,"column":23}},"type":"binary-expr","locations":[{"start":{"line":109,"column":13},"end":{"line":109,"column":17}},{"start":{"line":109,"column":21},"end":{"line":109,"column":23}}],"line":109}},"s":{"0":0,"1":0,"2":0,"3":0,"4":0,"5":0,"6":0,"7":0,"8":0,"9":0,"10":0,"11":0,"12":0,"13":0,"14":0,"15":0,"16":0,"17":0,"18":0,"19":0,"20":0,"21":0,"22":0,"23":0,"24":0,"25":0,"26":0,"27":0,"28":0,"29":0,"30":0,"31":0,"32":0,"33":0,"34":0},"f":{"0":0,"1":0,"2":0,"3":0,"4":0,"5":0,"6":0},"b":{"0":[0,0],"1":[0,0],"2":[0,0],"3":[0,0],"4":[0,0],"5":[0,0],"6":[0,0]}}
,"/Users/raunak/Code/20-questions-game/app/src/services/supabase.ts": {"path":"/Users/raunak/Code/20-questions-game/app/src/services/supabase.ts","statementMap":{"0":{"start":{"line":5,"column":20},"end":{"line":5,"column":62}},"1":{"start":{"line":6,"column":24},"end":{"line":6,"column":71}},"2":{"start":{"line":8,"column":0},"end":{"line":10,"column":1}},"3":{"start":{"line":9,"column":2},"end":{"line":9,"column":59}},"4":{"start":{"line":12,"column":24},"end":{"line":19,"column":2}}},"fnMap":{},"branchMap":{"0":{"loc":{"start":{"line":5,"column":20},"end":{"line":5,"column":62}},"type":"binary-expr","locations":[{"start":{"line":5,"column":20},"end":{"line":5,"column":56}},{"start":{"line":5,"column":60},"end":{"line":5,"column":62}}],"line":5},"1":{"loc":{"start":{"line":6,"column":24},"end":{"line":6,"column":71}},"type":"binary-expr","locations":[{"start":{"line":6,"column":24},"end":{"line":6,"column":65}},{"start":{"line":6,"column":69},"end":{"line":6,"column":71}}],"line":6},"2":{"loc":{"start":{"line":8,"column":0},"end":{"line":10,"column":1}},"type":"if","locations":[{"start":{"line":8,"column":0},"end":{"line":10,"column":1}},{"start":{},"end":{}}],"line":8},"3":{"loc":{"start":{"line":8,"column":4},"end":{"line":8,"column":36}},"type":"binary-expr","locations":[{"start":{"line":8,"column":4},"end":{"line":8,"column":16}},{"start":{"line":8,"column":20},"end":{"line":8,"column":36}}],"line":8}},"s":{"0":0,"1":0,"2":0,"3":0,"4":0},"f":{},"b":{"0":[0,0],"1":[0,0],"2":[0,0],"3":[0,0]}}
}
