TN:
SF:src/components/AnimatedBar.tsx
FN:13,AnimatedBar
FN:23,(anonymous_1)
FN:30,(anonymous_2)
FN:35,(anonymous_3)
FN:41,(anonymous_4)
FN:42,(anonymous_5)
FN:50,(anonymous_6)
FN:60,(anonymous_7)
FN:72,(anonymous_8)
FNF:9
FNH:0
FNDA:0,AnimatedBar
FNDA:0,(anonymous_1)
FNDA:0,(anonymous_2)
FNDA:0,(anonymous_3)
FNDA:0,(anonymous_4)
FNDA:0,(anonymous_5)
FNDA:0,(anonymous_6)
FNDA:0,(anonymous_7)
FNDA:0,(anonymous_8)
DA:21,0
DA:23,0
DA:24,0
DA:25,0
DA:27,0
DA:30,0
DA:31,0
DA:35,0
DA:36,0
DA:37,0
DA:41,0
DA:42,0
DA:43,0
DA:44,0
DA:46,0
DA:51,0
DA:52,0
DA:57,0
DA:60,0
DA:61,0
DA:62,0
DA:63,0
DA:65,0
DA:72,0
DA:73,0
DA:74,0
DA:81,0
DA:87,0
LF:28
LH:0
BRDA:15,0,0,0
BRDA:16,1,0,0
BRDA:17,2,0,0
BRDA:18,3,0,0
BRDA:19,4,0,0
BRDA:24,5,0,0
BRDA:24,5,1,0
BRDA:36,6,0,0
BRDA:36,6,1,0
BRDA:51,7,0,0
BRDA:51,7,1,0
BRDA:99,8,0,0
BRDA:99,8,1,0
BRF:13
BRH:0
end_of_record
TN:
SF:src/components/GameHeader.tsx
FN:10,(anonymous_0)
FNF:1
FNH:0
FNDA:0,(anonymous_0)
DA:10,0
DA:15,0
DA:26,0
LF:3
LH:0
BRF:0
BRH:0
end_of_record
TN:
SF:src/components/GameInput.tsx
FN:18,(anonymous_0)
FNF:1
FNH:0
FNDA:0,(anonymous_0)
DA:18,0
DA:28,0
DA:30,0
DA:70,0
LF:4
LH:0
BRDA:40,0,0,0
BRDA:40,0,1,0
BRDA:50,1,0,0
BRDA:50,1,1,0
BRDA:57,2,0,0
BRDA:57,2,1,0
BRDA:57,2,2,0
BRDA:59,3,0,0
BRDA:59,3,1,0
BRDA:59,3,2,0
BRF:10
BRH:0
end_of_record
TN:
SF:src/components/GameResultModal.tsx
FN:20,GameResultModal
FN:30,(anonymous_1)
FNF:2
FNH:0
FNDA:0,GameResultModal
FNDA:0,(anonymous_1)
DA:28,0
DA:30,0
DA:31,0
DA:32,0
DA:39,0
DA:43,0
DA:81,0
LF:7
LH:0
BRDA:31,0,0,0
BRDA:31,0,1,0
BRDA:59,1,0,0
BRDA:59,1,1,0
BRDA:61,2,0,0
BRDA:61,2,1,0
BRDA:69,3,0,0
BRDA:69,3,1,0
BRF:8
BRH:0
end_of_record
TN:
SF:src/components/LoadingGame.tsx
FN:4,(anonymous_0)
FNF:1
FNH:0
FNDA:0,(anonymous_0)
DA:4,0
DA:5,0
DA:13,0
LF:3
LH:0
BRF:0
BRH:0
end_of_record
TN:
SF:src/components/LoadingScreen.tsx
FN:8,LoadingScreen
FNF:1
FNH:0
FNDA:0,LoadingScreen
DA:9,0
DA:17,0
LF:2
LH:0
BRDA:8,0,0,0
BRF:1
BRH:0
end_of_record
TN:
SF:src/components/MessagesList.tsx
FN:10,(anonymous_0)
FN:16,(anonymous_1)
FN:26,(anonymous_2)
FNF:3
FNH:0
FNDA:0,(anonymous_0)
FNDA:0,(anonymous_1)
FNDA:0,(anonymous_2)
DA:10,0
DA:14,0
DA:16,0
DA:17,0
DA:20,0
DA:27,0
DA:52,0
LF:7
LH:0
BRDA:31,0,0,0
BRDA:31,0,1,0
BRDA:32,1,0,0
BRDA:32,1,1,0
BRDA:37,2,0,0
BRDA:37,2,1,0
BRDA:43,3,0,0
BRDA:43,3,1,0
BRF:8
BRH:0
end_of_record
TN:
SF:src/components/PulseBackground.tsx
FN:10,PulseBackground
FN:17,(anonymous_1)
FN:24,(anonymous_2)
FN:29,(anonymous_3)
FN:30,(anonymous_4)
FN:42,(anonymous_5)
FN:51,(anonymous_6)
FNF:7
FNH:0
FNDA:0,PulseBackground
FNDA:0,(anonymous_1)
FNDA:0,(anonymous_2)
FNDA:0,(anonymous_3)
FNDA:0,(anonymous_4)
FNDA:0,(anonymous_5)
FNDA:0,(anonymous_6)
DA:15,0
DA:17,0
DA:18,0
DA:19,0
DA:21,0
DA:24,0
DA:25,0
DA:29,0
DA:30,0
DA:31,0
DA:43,0
DA:44,0
DA:48,0
DA:51,0
DA:52,0
DA:53,0
DA:56,0
DA:61,0
DA:62,0
DA:65,0
LF:20
LH:0
BRDA:12,0,0,0
BRDA:13,1,0,0
BRDA:18,2,0,0
BRDA:18,2,1,0
BRDA:43,3,0,0
BRDA:43,3,1,0
BRDA:61,4,0,0
BRDA:61,4,1,0
BRDA:77,5,0,0
BRDA:77,5,1,0
BRF:10
BRH:0
end_of_record
TN:
SF:src/components/SendButton.tsx
FN:12,SendButton
FNF:1
FNH:0
FNDA:0,SendButton
DA:18,0
DA:20,0
DA:21,0
DA:37,0
DA:55,0
LF:5
LH:0
BRDA:14,0,0,0
BRDA:15,1,0,0
BRDA:16,2,0,0
BRDA:20,3,0,0
BRDA:20,3,1,0
BRDA:23,4,0,0
BRDA:23,4,1,0
BRDA:30,5,0,0
BRDA:30,5,1,0
BRDA:39,6,0,0
BRDA:39,6,1,0
BRDA:49,7,0,0
BRDA:49,7,1,0
BRF:13
BRH:0
end_of_record
TN:
SF:src/components/VoiceInputButton.tsx
FN:18,VoiceInputButton
FN:25,(anonymous_1)
FN:42,(anonymous_2)
FNF:3
FNH:0
FNDA:0,VoiceInputButton
FNDA:0,(anonymous_1)
FNDA:0,(anonymous_2)
DA:25,0
DA:26,0
DA:27,0
DA:28,0
DA:32,0
DA:33,0
DA:34,0
DA:42,0
DA:43,0
DA:45,0
DA:46,0
DA:47,0
DA:48,0
DA:49,0
DA:50,0
DA:52,0
DA:55,0
DA:56,0
DA:59,0
DA:62,0
DA:83,0
LF:21
LH:0
BRDA:23,0,0,0
BRDA:26,1,0,0
BRDA:26,1,1,0
BRDA:45,2,0,0
BRDA:45,2,1,0
BRDA:47,3,0,0
BRDA:47,3,1,0
BRDA:49,4,0,0
BRDA:49,4,1,0
BRDA:55,5,0,0
BRDA:55,5,1,0
BRDA:63,6,0,0
BRDA:63,6,1,0
BRDA:69,7,0,0
BRDA:69,7,1,0
BRF:15
BRH:0
end_of_record
TN:
SF:src/components/WaveformVisualizer.tsx
FN:12,WaveformVisualizer
FN:23,(anonymous_1)
FN:24,(anonymous_2)
FN:28,(anonymous_3)
FN:36,(anonymous_4)
FN:42,(anonymous_5)
FN:48,(anonymous_6)
FN:50,(anonymous_7)
FN:51,(anonymous_8)
FN:59,(anonymous_9)
FN:72,(anonymous_10)
FN:73,(anonymous_11)
FN:85,(anonymous_12)
FN:94,(anonymous_13)
FN:96,(anonymous_14)
FN:110,(anonymous_15)
FN:112,(anonymous_16)
FN:125,(anonymous_17)
FN:126,(anonymous_18)
FNF:19
FNH:0
FNDA:0,WaveformVisualizer
FNDA:0,(anonymous_1)
FNDA:0,(anonymous_2)
FNDA:0,(anonymous_3)
FNDA:0,(anonymous_4)
FNDA:0,(anonymous_5)
FNDA:0,(anonymous_6)
FNDA:0,(anonymous_7)
FNDA:0,(anonymous_8)
FNDA:0,(anonymous_9)
FNDA:0,(anonymous_10)
FNDA:0,(anonymous_11)
FNDA:0,(anonymous_12)
FNDA:0,(anonymous_13)
FNDA:0,(anonymous_14)
FNDA:0,(anonymous_15)
FNDA:0,(anonymous_16)
FNDA:0,(anonymous_17)
FNDA:0,(anonymous_18)
DA:19,0
DA:20,0
DA:23,0
DA:24,0
DA:28,0
DA:29,0
DA:30,0
DA:31,0
DA:33,0
DA:36,0
DA:37,0
DA:42,0
DA:43,0
DA:44,0
DA:48,0
DA:50,0
DA:51,0
DA:52,0
DA:53,0
DA:55,0
DA:60,0
DA:62,0
DA:68,0
DA:72,0
DA:73,0
DA:74,0
DA:86,0
DA:87,0
DA:91,0
DA:94,0
DA:96,0
DA:98,0
DA:99,0
DA:100,0
DA:102,0
DA:110,0
DA:112,0
DA:113,0
DA:114,0
DA:121,0
DA:122,0
DA:125,0
DA:126,0
DA:127,0
DA:133,0
DA:151,0
DA:156,0
DA:157,0
DA:160,0
DA:179,0
LF:50
LH:0
BRDA:14,0,0,0
BRDA:15,1,0,0
BRDA:16,2,0,0
BRDA:17,3,0,0
BRDA:29,4,0,0
BRDA:29,4,1,0
BRDA:43,5,0,0
BRDA:43,5,1,0
BRDA:43,6,0,0
BRDA:43,6,1,0
BRDA:60,7,0,0
BRDA:60,7,1,0
BRDA:86,8,0,0
BRDA:86,8,1,0
BRDA:144,9,0,0
BRDA:144,9,1,0
BRDA:156,10,0,0
BRDA:156,10,1,0
BRDA:161,11,0,0
BRDA:161,11,1,0
BRDA:169,12,0,0
BRDA:169,12,1,0
BRDA:172,13,0,0
BRDA:172,13,1,0
BRF:24
BRH:0
end_of_record
TN:
SF:src/components/voice/VoiceButtonContent.tsx
FN:14,(anonymous_0)
FNF:1
FNH:0
FNDA:0,(anonymous_0)
DA:14,0
DA:19,0
DA:21,0
DA:38,0
DA:48,0
LF:5
LH:0
BRDA:19,0,0,0
BRDA:19,0,1,0
BRDA:19,0,2,0
BRDA:48,1,0,0
BRDA:48,1,1,0
BRF:5
BRH:0
end_of_record
TN:
SF:src/hooks/useButtonAnimations.ts
FN:10,(anonymous_0)
FN:15,(anonymous_1)
FN:21,(anonymous_2)
FN:29,(anonymous_3)
FNF:4
FNH:0
FNDA:0,(anonymous_0)
FNDA:0,(anonymous_1)
FNDA:0,(anonymous_2)
FNDA:0,(anonymous_3)
DA:10,0
DA:11,0
DA:12,0
DA:13,0
DA:15,0
DA:21,0
DA:22,0
DA:23,0
DA:24,0
DA:25,0
DA:26,0
DA:29,0
DA:30,0
DA:31,0
DA:32,0
DA:35,0
LF:16
LH:0
BRF:0
BRH:0
end_of_record
TN:
SF:src/hooks/useGameActions.ts
FN:14,(anonymous_0)
FN:18,(anonymous_1)
FN:40,(anonymous_2)
FN:49,(anonymous_3)
FN:67,(anonymous_4)
FN:90,(anonymous_5)
FN:104,(anonymous_6)
FN:120,(anonymous_7)
FNF:8
FNH:0
FNDA:0,(anonymous_0)
FNDA:0,(anonymous_1)
FNDA:0,(anonymous_2)
FNDA:0,(anonymous_3)
FNDA:0,(anonymous_4)
FNDA:0,(anonymous_5)
FNDA:0,(anonymous_6)
FNDA:0,(anonymous_7)
DA:14,0
DA:18,0
DA:19,0
DA:20,0
DA:21,0
DA:22,0
DA:24,0
DA:26,0
DA:31,0
DA:33,0
DA:34,0
DA:36,0
DA:40,0
DA:41,0
DA:42,0
DA:44,0
DA:49,0
DA:50,0
DA:52,0
DA:53,0
DA:55,0
DA:56,0
DA:57,0
DA:58,0
DA:59,0
DA:62,0
DA:67,0
DA:68,0
DA:69,0
DA:71,0
DA:72,0
DA:73,0
DA:78,0
DA:79,0
DA:80,0
DA:81,0
DA:84,0
DA:86,0
DA:90,0
DA:91,0
DA:93,0
DA:94,0
DA:95,0
DA:97,0
DA:99,0
DA:104,0
DA:105,0
DA:106,0
DA:107,0
DA:109,0
DA:110,0
DA:111,0
DA:114,0
DA:116,0
DA:120,0
DA:121,0
DA:122,0
DA:127,0
DA:131,0
LF:59
LH:0
BRDA:41,0,0,0
BRDA:41,0,1,0
BRDA:42,1,0,0
BRDA:42,1,1,0
BRDA:42,2,0,0
BRDA:42,2,1,0
BRDA:42,2,2,0
BRDA:56,3,0,0
BRDA:56,3,1,0
BRDA:56,4,0,0
BRDA:56,4,1,0
BRDA:58,5,0,0
BRDA:58,5,1,0
BRDA:58,6,0,0
BRDA:58,6,1,0
BRDA:71,7,0,0
BRDA:71,7,1,0
BRDA:79,8,0,0
BRDA:79,8,1,0
BRDA:91,9,0,0
BRDA:91,9,1,0
BRDA:91,10,0,0
BRDA:91,10,1,0
BRDA:91,10,2,0
BRDA:109,11,0,0
BRDA:109,11,1,0
BRDA:121,12,0,0
BRDA:121,12,1,0
BRDA:121,13,0,0
BRDA:121,13,1,0
BRF:30
BRH:0
end_of_record
TN:
SF:src/hooks/useGameNavigation.tsx
FN:9,(anonymous_0)
FN:11,(anonymous_1)
FN:13,(anonymous_2)
FN:15,(anonymous_3)
FN:26,(anonymous_4)
FNF:5
FNH:0
FNDA:0,(anonymous_0)
FNDA:0,(anonymous_1)
FNDA:0,(anonymous_2)
FNDA:0,(anonymous_3)
FNDA:0,(anonymous_4)
DA:9,0
DA:10,0
DA:12,0
DA:14,0
DA:16,0
DA:17,0
DA:18,0
DA:21,0
DA:26,0
LF:9
LH:0
BRDA:16,0,0,0
BRDA:16,0,1,0
BRDA:17,1,0,0
BRDA:17,1,1,0
BRDA:38,2,0,0
BRDA:38,2,1,0
BRF:6
BRH:0
end_of_record
TN:
SF:src/hooks/useGameState.ts
FN:32,(anonymous_0)
FNF:1
FNH:0
FNDA:0,(anonymous_0)
DA:32,0
DA:33,0
DA:34,0
DA:35,0
DA:36,0
DA:37,0
DA:38,0
DA:39,0
DA:40,0
DA:41,0
DA:47,0
DA:59,0
DA:71,0
LF:13
LH:0
BRF:0
BRH:0
end_of_record
TN:
SF:src/hooks/useVoiceGestures.ts
FN:14,(anonymous_0)
FN:23,(anonymous_1)
FN:31,(anonymous_2)
FN:39,(anonymous_3)
FNF:4
FNH:0
FNDA:0,(anonymous_0)
FNDA:0,(anonymous_1)
FNDA:0,(anonymous_2)
FNDA:0,(anonymous_3)
DA:14,0
DA:21,0
DA:25,0
DA:26,0
DA:27,0
DA:28,0
DA:33,0
DA:34,0
DA:35,0
DA:38,0
DA:40,0
DA:41,0
DA:42,0
DA:43,0
DA:44,0
DA:48,0
DA:50,0
LF:17
LH:0
BRDA:26,0,0,0
BRDA:26,0,1,0
BRDA:26,1,0,0
BRDA:26,1,1,0
BRDA:41,2,0,0
BRDA:41,2,1,0
BRDA:41,3,0,0
BRDA:41,3,1,0
BRDA:43,4,0,0
BRDA:43,4,1,0
BRF:10
BRH:0
end_of_record
TN:
SF:src/hooks/useVoiceRecording.ts
FN:17,(anonymous_0)
FN:27,(anonymous_1)
FN:31,(anonymous_2)
FN:44,(anonymous_3)
FN:72,(anonymous_4)
FN:89,(anonymous_5)
FN:96,(anonymous_6)
FN:115,(anonymous_7)
FN:120,(anonymous_8)
FN:123,(anonymous_9)
FN:130,(anonymous_10)
FN:135,(anonymous_11)
FN:178,(anonymous_12)
FN:196,(anonymous_13)
FNF:14
FNH:14
FNDA:68,(anonymous_0)
FNDA:18,(anonymous_1)
FNDA:18,(anonymous_2)
FNDA:18,(anonymous_3)
FNDA:6,(anonymous_4)
FNDA:1,(anonymous_5)
FNDA:7,(anonymous_6)
FNDA:1,(anonymous_7)
FNDA:43,(anonymous_8)
FNDA:12,(anonymous_9)
FNDA:43,(anonymous_10)
FNDA:17,(anonymous_11)
FNDA:6,(anonymous_12)
FNDA:4,(anonymous_13)
DA:17,1
DA:20,68
DA:21,68
DA:22,68
DA:23,68
DA:24,68
DA:25,68
DA:27,68
DA:28,18
DA:31,18
DA:33,18
DA:34,6
DA:37,18
DA:38,6
DA:39,6
DA:44,68
DA:45,18
DA:46,18
DA:47,18
DA:48,18
DA:50,18
DA:51,17
DA:52,17
DA:54,1
DA:55,1
DA:56,1
DA:57,1
DA:59,1
DA:60,1
DA:62,0
DA:66,0
DA:67,0
DA:68,0
DA:72,68
DA:73,6
DA:74,6
DA:75,6
DA:76,6
DA:77,6
DA:78,6
DA:79,1
DA:80,1
DA:81,1
DA:82,5
DA:83,4
DA:84,4
DA:89,68
DA:90,1
DA:91,1
DA:92,1
DA:93,1
DA:96,68
DA:97,7
DA:98,7
DA:99,7
DA:102,7
DA:103,3
DA:104,3
DA:105,3
DA:106,3
DA:110,7
DA:111,7
DA:112,7
DA:115,68
DA:116,1
DA:117,1
DA:120,68
DA:122,43
DA:123,15
DA:124,12
DA:125,12
DA:126,12
DA:127,12
DA:130,43
DA:131,43
DA:135,68
DA:136,17
DA:137,17
DA:138,17
DA:139,17
DA:141,17
DA:142,1
DA:143,1
DA:146,16
DA:147,0
DA:148,0
DA:149,0
DA:152,16
DA:153,16
DA:154,16
DA:155,16
DA:156,16
DA:158,16
DA:159,16
DA:161,16
DA:162,16
DA:168,15
DA:171,1
DA:172,1
DA:173,1
DA:174,1
DA:178,68
DA:179,6
DA:180,6
DA:182,6
DA:183,0
DA:184,0
DA:187,6
DA:188,6
DA:191,6
DA:192,0
DA:196,6
DA:197,4
DA:198,4
DA:199,4
DA:200,3
DA:201,3
DA:203,1
DA:205,1
DA:206,1
DA:207,1
DA:212,0
DA:214,0
DA:215,0
DA:216,0
DA:220,68
LF:126
LH:112
BRDA:33,0,0,6
BRDA:33,0,1,12
BRDA:37,1,0,6
BRDA:37,1,1,12
BRDA:50,2,0,17
BRDA:50,2,1,1
BRDA:59,3,0,1
BRDA:59,3,1,0
BRDA:75,4,0,6
BRDA:75,4,1,0
BRDA:78,5,0,1
BRDA:78,5,1,5
BRDA:78,6,0,6
BRDA:78,6,1,2
BRDA:82,7,0,4
BRDA:82,7,1,1
BRDA:102,8,0,3
BRDA:102,8,1,4
BRDA:102,9,0,7
BRDA:102,9,1,3
BRDA:122,10,0,15
BRDA:122,10,1,28
BRDA:131,11,0,15
BRDA:131,11,1,28
BRDA:141,12,0,1
BRDA:141,12,1,16
BRDA:141,13,0,17
BRDA:141,13,1,16
BRDA:146,14,0,0
BRDA:146,14,1,16
BRDA:182,15,0,0
BRDA:182,15,1,6
BRDA:191,16,0,0
BRDA:191,16,1,6
BRF:34
BRH:29
end_of_record
TN:
SF:src/navigation/AppNavigator.tsx
FN:15,AppNavigator
FNF:1
FNH:0
FNDA:0,AppNavigator
DA:13,0
DA:16,0
LF:2
LH:0
BRF:0
BRH:0
end_of_record
TN:
SF:src/screens/GameScreen.tsx
FN:32,GameScreen
FN:41,(anonymous_1)
FN:42,(anonymous_2)
FN:46,(anonymous_3)
FN:51,(anonymous_4)
FN:56,(anonymous_5)
FNF:6
FNH:0
FNDA:0,GameScreen
FNDA:0,(anonymous_1)
FNDA:0,(anonymous_2)
FNDA:0,(anonymous_3)
FNDA:0,(anonymous_4)
FNDA:0,(anonymous_5)
DA:33,0
DA:34,0
DA:36,0
DA:37,0
DA:39,0
DA:41,0
DA:42,0
DA:43,0
DA:46,0
DA:47,0
DA:48,0
DA:51,0
DA:52,0
DA:53,0
DA:56,0
DA:57,0
DA:58,0
DA:61,0
DA:62,0
DA:65,0
DA:107,0
LF:21
LH:0
BRDA:61,0,0,0
BRDA:61,0,1,0
BRDA:69,1,0,0
BRDA:69,1,1,0
BRDA:70,2,0,0
BRDA:70,2,1,0
BRF:6
BRH:0
end_of_record
TN:
SF:src/screens/HomeScreen.tsx
FN:24,HomeScreen
FN:28,(anonymous_1)
FN:33,(anonymous_2)
FN:37,(anonymous_3)
FN:48,(anonymous_4)
FN:75,(anonymous_5)
FN:79,(anonymous_6)
FNF:7
FNH:0
FNDA:0,HomeScreen
FNDA:0,(anonymous_1)
FNDA:0,(anonymous_2)
FNDA:0,(anonymous_3)
FNDA:0,(anonymous_4)
FNDA:0,(anonymous_5)
FNDA:0,(anonymous_6)
DA:25,0
DA:26,0
DA:28,0
DA:29,0
DA:30,0
DA:33,0
DA:34,0
DA:37,0
DA:38,0
DA:39,0
DA:40,0
DA:42,0
DA:44,0
DA:48,0
DA:49,0
DA:52,0
DA:53,0
DA:60,0
DA:76,0
DA:79,0
DA:108,0
LF:21
LH:0
BRDA:52,0,0,0
BRDA:52,0,1,0
BRDA:84,1,0,0
BRDA:84,1,1,0
BRF:4
BRH:0
end_of_record
TN:
SF:src/services/AudioManager.ts
FN:12,(anonymous_0)
FN:27,(anonymous_1)
FN:65,(anonymous_2)
FN:77,(anonymous_3)
FN:87,(anonymous_4)
FN:118,(anonymous_5)
FN:149,(anonymous_6)
FNF:7
FNH:0
FNDA:0,(anonymous_0)
FNDA:0,(anonymous_1)
FNDA:0,(anonymous_2)
FNDA:0,(anonymous_3)
FNDA:0,(anonymous_4)
FNDA:0,(anonymous_5)
FNDA:0,(anonymous_6)
DA:7,0
DA:8,0
DA:9,0
DA:10,0
DA:13,0
DA:15,0
DA:17,0
DA:19,0
DA:21,0
DA:23,0
DA:28,0
DA:29,0
DA:32,0
DA:43,0
DA:44,0
DA:45,0
DA:46,0
DA:47,0
DA:48,0
DA:49,0
DA:51,0
DA:54,0
DA:58,0
DA:60,0
DA:66,0
DA:68,0
DA:70,0
DA:73,0
DA:78,0
DA:79,0
DA:80,0
DA:83,0
DA:88,0
DA:89,0
DA:93,0
DA:94,0
DA:96,0
DA:97,0
DA:100,0
DA:102,0
DA:105,0
DA:106,0
DA:107,0
DA:108,0
DA:110,0
DA:113,0
DA:119,0
DA:120,0
DA:122,0
DA:123,0
DA:125,0
DA:126,0
DA:128,0
DA:129,0
DA:131,0
DA:132,0
DA:134,0
DA:135,0
DA:137,0
DA:138,0
DA:140,0
DA:141,0
DA:144,0
DA:150,0
DA:152,0
DA:153,0
DA:155,0
DA:156,0
DA:158,0
DA:163,0
LF:70
LH:0
BRDA:13,0,0,0
BRDA:13,0,1,0
BRDA:46,1,0,0
BRDA:46,1,1,0
BRDA:68,2,0,0
BRDA:68,2,1,0
BRDA:88,3,0,0
BRDA:88,3,1,0
BRDA:94,4,0,0
BRDA:94,4,1,0
BRDA:94,5,0,0
BRDA:94,5,1,0
BRDA:106,6,0,0
BRDA:106,6,1,0
BRDA:120,7,0,0
BRDA:120,7,1,0
BRDA:120,7,2,0
BRDA:120,7,3,0
BRDA:120,7,4,0
BRDA:120,7,5,0
BRDA:120,7,6,0
BRF:21
BRH:0
end_of_record
TN:
SF:src/services/gameService.ts
FN:16,(anonymous_0)
FN:34,(anonymous_1)
FN:51,(anonymous_2)
FN:59,(anonymous_3)
FN:67,(anonymous_4)
FN:82,(anonymous_5)
FN:97,(anonymous_6)
FNF:7
FNH:0
FNDA:0,(anonymous_0)
FNDA:0,(anonymous_1)
FNDA:0,(anonymous_2)
FNDA:0,(anonymous_3)
FNDA:0,(anonymous_4)
FNDA:0,(anonymous_5)
FNDA:0,(anonymous_6)
DA:13,0
DA:17,0
DA:26,0
DA:27,0
DA:28,0
DA:31,0
DA:36,0
DA:37,0
DA:38,0
DA:41,0
DA:44,0
DA:48,0
DA:52,0
DA:56,0
DA:60,0
DA:63,0
DA:68,0
DA:74,0
DA:75,0
DA:76,0
DA:79,0
DA:83,0
DA:89,0
DA:90,0
DA:91,0
DA:94,0
DA:98,0
DA:99,0
DA:104,0
DA:105,0
DA:106,0
DA:109,0
DA:111,0
DA:112,0
DA:118,0
LF:35
LH:0
BRDA:26,0,0,0
BRDA:26,0,1,0
BRDA:28,1,0,0
BRDA:28,1,1,0
BRDA:74,2,0,0
BRDA:74,2,1,0
BRDA:89,3,0,0
BRDA:89,3,1,0
BRDA:94,4,0,0
BRDA:94,4,1,0
BRDA:104,5,0,0
BRDA:104,5,1,0
BRDA:109,6,0,0
BRDA:109,6,1,0
BRF:14
BRH:0
end_of_record
TN:
SF:src/services/supabase.ts
FNF:0
FNH:0
DA:5,0
DA:6,0
DA:8,0
DA:9,0
DA:12,0
LF:5
LH:0
BRDA:5,0,0,0
BRDA:5,0,1,0
BRDA:6,1,0,0
BRDA:6,1,1,0
BRDA:8,2,0,0
BRDA:8,2,1,0
BRDA:8,3,0,0
BRDA:8,3,1,0
BRF:8
BRH:0
end_of_record
